#
# A fatal error has been detected by the Java Runtime Environment:
#
#  EXCEPTION_ACCESS_VIOLATION (0xc0000005) at pc=0x00007ff9ed366587, pid=3656, tid=17172
#
# JRE version: Java(TM) SE Runtime Environment (21.0.1+12) (build 21.0.1+12-LTS-29)
# Java VM: Java HotSpot(TM) 64-Bit Server VM (21.0.1+12-LTS-29, mixed mode, sharing, tiered, compressed oops, compressed class ptrs, g1 gc, windows-amd64)
# Problematic frame:
# C  [glass.dll+0x26587]
#
# No core dump will be written. Minidumps are not enabled by default on client versions of Windows
#
# If you would like to submit a bug report, please visit:
#   https://bugreport.java.com/bugreport/crash.jsp
#

---------------  S U M M A R Y ------------

Command Line: -javaagent:C:\Program Files\JetBrains\IntelliJ IDEA Community Edition 2023.3.1\lib\idea_rt.jar=57735:C:\Program Files\JetBrains\IntelliJ IDEA Community Edition 2023.3.1\bin -Dfile.encoding=UTF-8 -Dsun.stdout.encoding=UTF-8 -Dsun.stderr.encoding=UTF-8 --module-path=C:\Users\danik\.m2\repository\org\openjfx\javafx-graphics\21\javafx-graphics-21-win.jar;C:\Users\danik\.m2\repository\org\openjfx\javafx-controls\21\javafx-controls-21-win.jar;C:\Users\danik\.m2\repository\org\openjfx\javafx-fxml\21\javafx-fxml-21-win.jar;C:\Users\danik\.m2\repository\org\openjfx\javafx-base\21\javafx-base-21-win.jar;D:\Java\GymManager\target\classes -Djdk.module.main=com.example.gymmanager com.example.gymmanager/com.example.gymmanager.HelloApplication

Host: AMD Ryzen 5 5500                               , 12 cores, 15G,  Windows 10 , 64 bit Build 19041 (10.0.19041.5915)
Time: Sun Oct 12 17:10:42 2025  Windows 10 , 64 bit Build 19041 (10.0.19041.5915) elapsed time: 14.496887 seconds (0d 0h 0m 14s)

---------------  T H R E A D  ---------------

Current thread (0x0000015f472b9d90):  VMThread "VM Thread"          [id=17172, stack(0x0000003e0a500000,0x0000003e0a600000) (1024K)]

Stack: [0x0000003e0a500000,0x0000003e0a600000],  sp=0x0000003e0a5fedc0,  free space=1019k
Native frames: (J=compiled Java code, j=interpreted, Vv=VM code, C=native code)
C  [glass.dll+0x26587]


siginfo: EXCEPTION_ACCESS_VIOLATION (0xc0000005), reading address 0x0000000000000000


Registers:
RAX=0x0000000000000000, RBX=0x0000015f472c5d9a, RCX=0x0000015f472b9d90, RDX=0x0000003e0a5fedc0
RSP=0x0000003e0a5fedc0, RBP=0x0000015f8d8d3f88, RSI=0x0000015f8d8d3f60, RDI=0x0000c3d4832d2e72
R8 =0x0000000000010002, R9 =0x0000c3d4832d2e72, R10=0x0000000000008000, R11=0x0000003e0a5fed50
R12=0x00007ff9ed363ed0, R13=0x00007ff95ff31fa0, R14=0x0000003e0a5feeb8, R15=0x0000015f8d8d3f60
RIP=0x00007ff9ed366587, EFLAGS=0x0000000000010206


Register to memory mapping:

RAX=0x0 is null
RBX=0x0000015f472c5d9a is a global jni handle
RCX=0x0000015f472b9d90 points into unknown readable memory: 0x00007ff95fd43f88 | 88 3f d4 5f f9 7f 00 00
RDX=0x0000003e0a5fedc0 points into unknown readable memory: 0x0000000000000000 | 00 00 00 00 00 00 00 00
RSP=0x0000003e0a5fedc0 points into unknown readable memory: 0x0000000000000000 | 00 00 00 00 00 00 00 00
RBP=0x0000015f8d8d3f88 points into unknown readable memory: 0x0000c3d4832d2e72 | 72 2e 2d 83 d4 c3 00 00
RSI=0x0000015f8d8d3f60 points into unknown readable memory: 0xe7a0c3d57cca9aaa | aa 9a ca 7c d5 c3 a0 e7
RDI=0x0000c3d4832d2e72 is an unknown value
R8 =0x0000000000010002 is an unknown value
R9 =0x0000c3d4832d2e72 is an unknown value
R10=0x0000000000008000 is an unknown value
R11=0x0000003e0a5fed50 points into unknown readable memory: 0x0000015f8d8d3f60 | 60 3f 8d 8d 5f 01 00 00
R12=0x00007ff9ed363ed0 glass.dll
R13=0x00007ff95ff31fa0 jvm.dll
R14=0x0000003e0a5feeb8 points into unknown readable memory: 0x0000003e0a5feea0 | a0 ee 5f 0a 3e 00 00 00
R15=0x0000015f8d8d3f60 points into unknown readable memory: 0xe7a0c3d57cca9aaa | aa 9a ca 7c d5 c3 a0 e7

Top of Stack: (sp=0x0000003e0a5fedc0)
0x0000003e0a5fedc0:   0000000000000000 0000015f8d8d3f60
0x0000003e0a5fedd0:   00007ff95ff31fa0 00007ff9ed363ed0
0x0000003e0a5fede0:   0000015f8d8d3f68 00007ff9f74142d6
0x0000003e0a5fedf0:   0000c3d4832d2e72 0000015f00000000
0x0000003e0a5fee00:   0000015f8d8d3f88 0000015f8d8d3f60
0x0000003e0a5fee10:   fffffffffffffffe 0000000000000000
0x0000003e0a5fee20:   0000000000000001 00007ff9ed340000
0x0000003e0a5fee30:   0000003e0a5feea8 00007ff9f74141fb
0x0000003e0a5fee40:   0000000000000000 0000003e0a5feeb8
0x0000003e0a5fee50:   0000003e0a5ff190 00007ff9f74f0e40
0x0000003e0a5fee60:   0000000000000001 00007ff9f74141b4
0x0000003e0a5fee70:   0000000000000000 0000000000000001
0x0000003e0a5fee80:   00007ff900000001 0000003e0a5feea8
0x0000003e0a5fee90:   0000000000000000 00007ff9ed363d5d
0x0000003e0a5feea0:   00007ff9ed37a008 00007ff900000002
0x0000003e0a5feeb0:   00007ff900000002 0000003e0a5feea0
0x0000003e0a5feec0:   0000000000000000 00007ff9f9d49993
0x0000003e0a5feed0:   0000000000000000 00007ff9ed363e82
0x0000003e0a5feee0:   0000000000000001 0000000000000000
0x0000003e0a5feef0:   00000000000000bc 00007ff9f74f0e40
0x0000003e0a5fef00:   00007ff99b5c0f14 0000000000000000
0x0000003e0a5fef10:   0000000000000001 00007ff99b5c06bc
0x0000003e0a5fef20:   00007ff9ed340000 000000007ffe0384
0x0000003e0a5fef30:   0000000000000000 00007ff9f9d49a1d
0x0000003e0a5fef40:   00007ff9ed340000 0000000000000000
0x0000003e0a5fef50:   0000000000000001 000000007ffe0385
0x0000003e0a5fef60:   0000000000000000 00007ff9f9d8f331
0x0000003e0a5fef70:   0000bb4819f1f100 0000000000000014
0x0000003e0a5fef80:   00007ff9ed363ed0 0000000000000000
0x0000003e0a5fef90:   0000000000000000 0000003e09867000
0x0000003e0a5fefa0:   0000015f8d77f2e0 00007ff9f9d8f1ca
0x0000003e0a5fefb0:   0000015f8d77ee00 00007ff9ed340000 

Instructions: (pc=0x00007ff9ed366587)
0x00007ff9ed366487:   8b 4d 58 e8 8d cf ff ff 48 8b 4d 60 e8 84 cf ff
0x00007ff9ed366497:   ff 48 8b 95 80 00 00 00 48 8b 8d 18 01 00 00 e8
0x00007ff9ed3664a7:   76 c4 ff ff 33 d2 33 c9 e8 cc e1 ff ff 90 48 89
0x00007ff9ed3664b7:   54 24 10 55 48 83 ec 20 48 8b ea 48 b8 00 00 00
0x00007ff9ed3664c7:   00 00 00 00 00 48 83 c4 20 5d c3 cc 40 55 48 8b
0x00007ff9ed3664d7:   ea 48 8b 01 33 c9 81 38 05 00 00 c0 0f 94 c1 8b
0x00007ff9ed3664e7:   c1 5d c3 cc 40 55 48 83 ec 20 48 8b ea 8a 4d 40
0x00007ff9ed3664f7:   48 83 c4 20 5d e9 73 d3 ff ff cc 40 55 48 83 ec
0x00007ff9ed366507:   20 48 8b ea 8a 4d 20 e8 61 d3 ff ff 90 48 83 c4
0x00007ff9ed366517:   20 5d c3 cc 40 55 48 83 ec 20 48 8b ea 48 83 c4
0x00007ff9ed366527:   20 5d e9 c2 d1 ff ff cc 40 55 48 83 ec 30 48 8b
0x00007ff9ed366537:   ea 48 8b 01 8b 10 48 89 4c 24 28 89 54 24 20 4c
0x00007ff9ed366547:   8d 0d 63 d6 ff ff 4c 8b 45 70 8b 55 68 48 8b 4d
0x00007ff9ed366557:   60 e8 03 d1 ff ff 90 48 83 c4 30 5d c3 cc cc cc
0x00007ff9ed366567:   cc cc cc cc cc cc cc cc cc 40 53 48 83 ec 20 48
0x00007ff9ed366577:   8b 1d 8b 34 01 00 48 85 db 74 16 e8 89 8f ff ff
0x00007ff9ed366587:   4c 8b 00 48 8b d3 48 8b c8 41 ff 90 b0 00 00 00
0x00007ff9ed366597:   90 48 83 c4 20 5b c3 cc cc 40 53 48 83 ec 20 48
0x00007ff9ed3665a7:   8b 1d fb 35 01 00 48 85 db 74 57 b8 ff ff ff ff
0x00007ff9ed3665b7:   f0 0f c1 43 10 83 f8 01 75 3d 48 85 db 74 38 48
0x00007ff9ed3665c7:   8b 0b 48 85 c9 74 0d ff 15 d4 0c 00 00 48 c7 03
0x00007ff9ed3665d7:   00 00 00 00 48 8b 4b 08 48 85 c9 74 0d e8 33 ce
0x00007ff9ed3665e7:   ff ff 48 c7 43 08 00 00 00 00 ba 18 00 00 00 48
0x00007ff9ed3665f7:   8b cb e8 1e ce ff ff 48 c7 05 9f 35 01 00 00 00
0x00007ff9ed366607:   00 00 48 83 c4 20 5b c3 cc 40 53 48 83 ec 20 48
0x00007ff9ed366617:   8b 1d 6b 35 01 00 48 85 db 74 57 b8 ff ff ff ff
0x00007ff9ed366627:   f0 0f c1 43 10 83 f8 01 75 3d 48 85 db 74 38 48
0x00007ff9ed366637:   8b 0b 48 85 c9 74 0d ff 15 64 0c 00 00 48 c7 03
0x00007ff9ed366647:   00 00 00 00 48 8b 4b 08 48 85 c9 74 0d e8 c3 cd
0x00007ff9ed366657:   ff ff 48 c7 43 08 00 00 00 00 ba 18 00 00 00 48
0x00007ff9ed366667:   8b cb e8 ae cd ff ff 48 c7 05 0f 35 01 00 00 00
0x00007ff9ed366677:   00 00 48 83 c4 20 5b c3 cc 40 53 48 83 ec 20 48 


Stack slot to memory mapping:

stack at sp + 0 slots: 0x0 is null
stack at sp + 1 slots: 0x0000015f8d8d3f60 points into unknown readable memory: 0xe7a0c3d57cca9aaa | aa 9a ca 7c d5 c3 a0 e7
stack at sp + 2 slots: 0x00007ff95ff31fa0 jvm.dll
stack at sp + 3 slots: 0x00007ff9ed363ed0 glass.dll
stack at sp + 4 slots: 0x0000015f8d8d3f68 points into unknown readable memory: 0x0000c3d4832d2e72 | 72 2e 2d 83 d4 c3 00 00
stack at sp + 5 slots: 0x00007ff9f74142d6 ucrtbase.dll
stack at sp + 6 slots: 0x0000c3d4832d2e72 is an unknown value
stack at sp + 7 slots: 0x0000015f00000000 is an unknown value

VM_Operation (0x0000003e0ca1ece0): Exit, mode: safepoint, requested by thread 0x0000015f8dd5f0e0


---------------  P R O C E S S  ---------------

Threads class SMR info:
_java_thread_list=0x0000015f8e680270, length=19, elements={
0x0000015f25a51f00, 0x0000015f472da170, 0x0000015f472db9f0, 0x0000015f472e13a0,
0x0000015f472e1a10, 0x0000015f472e6090, 0x0000015f472e84b0, 0x0000015f472e8b60,
0x0000015f474e0200, 0x0000015f8d922f90, 0x0000015f8d544d20, 0x0000015f8d55e5a0,
0x0000015f8d3e7630, 0x0000015f8d9779a0, 0x0000015f8df58a90, 0x0000015f8dc8cf30,
0x0000015f8dd5f770, 0x0000015f8dd5fe00, 0x0000015f8dd5f0e0
}

Java Threads: ( => current thread )
  0x0000015f25a51f00 JavaThread "main"                              [_thread_blocked, id=2528, stack(0x0000003e09e00000,0x0000003e09f00000) (1024K)]
  0x0000015f472da170 JavaThread "Reference Handler"          daemon [_thread_blocked, id=13280, stack(0x0000003e0a600000,0x0000003e0a700000) (1024K)]
  0x0000015f472db9f0 JavaThread "Finalizer"                  daemon [_thread_blocked, id=9996, stack(0x0000003e0a700000,0x0000003e0a800000) (1024K)]
  0x0000015f472e13a0 JavaThread "Attach Listener"            daemon [_thread_blocked, id=9532, stack(0x0000003e0a900000,0x0000003e0aa00000) (1024K)]
  0x0000015f472e1a10 JavaThread "Service Thread"             daemon [_thread_blocked, id=8316, stack(0x0000003e0aa00000,0x0000003e0ab00000) (1024K)]
  0x0000015f472e6090 JavaThread "Monitor Deflation Thread"   daemon [_thread_blocked, id=16472, stack(0x0000003e0ab00000,0x0000003e0ac00000) (1024K)]
  0x0000015f472e84b0 JavaThread "C2 CompilerThread0"         daemon [_thread_blocked, id=6876, stack(0x0000003e0ac00000,0x0000003e0ad00000) (1024K)]
  0x0000015f472e8b60 JavaThread "C1 CompilerThread0"         daemon [_thread_blocked, id=12972, stack(0x0000003e0ad00000,0x0000003e0ae00000) (1024K)]
  0x0000015f474e0200 JavaThread "Common-Cleaner"             daemon [_thread_blocked, id=4904, stack(0x0000003e0ae00000,0x0000003e0af00000) (1024K)]
  0x0000015f8d922f90 JavaThread "Monitor Ctrl-Break"         daemon [_thread_in_native, id=2860, stack(0x0000003e0b100000,0x0000003e0b200000) (1024K)]
  0x0000015f8d544d20 JavaThread "Notification Thread"        daemon [_thread_blocked, id=17040, stack(0x0000003e0b200000,0x0000003e0b300000) (1024K)]
  0x0000015f8d55e5a0 JavaThread "QuantumRenderer-0"          daemon [_thread_blocked, id=12264, stack(0x0000003e0b300000,0x0000003e0b400000) (1024K)]
  0x0000015f8d3e7630 JavaThread "InvokeLaterDispatcher"      daemon [_thread_blocked, id=1048, stack(0x0000003e0b500000,0x0000003e0b600000) (1024K)]
  0x0000015f8d9779a0 JavaThread "JavaFX Application Thread"         [_thread_in_native, id=12536, stack(0x0000003e0b600000,0x0000003e0b700000) (1024K)]
  0x0000015f8df58a90 JavaThread "JavaFX-Launcher"                   [_thread_blocked, id=18856, stack(0x0000003e0b000000,0x0000003e0b100000) (1024K)]
  0x0000015f8dc8cf30 JavaThread "Thread-2"                   daemon [_thread_in_native, id=15908, stack(0x0000003e0af00000,0x0000003e0b000000) (1024K)]
  0x0000015f8dd5f770 JavaThread "Prism Font Disposer"        daemon [_thread_blocked, id=4244, stack(0x0000003e0be00000,0x0000003e0bf00000) (1024K)]
  0x0000015f8dd5fe00 JavaThread "Cleaner-0"                  daemon [_thread_blocked, id=15664, stack(0x0000003e0c610000,0x0000003e0c710000) (1024K)]
  0x0000015f8dd5f0e0 JavaThread "SIGINT handler"             daemon [_thread_blocked, id=18172, stack(0x0000003e0c920000,0x0000003e0ca20000) (1024K)]
Total: 19

Other Threads:
=>0x0000015f472b9d90 VMThread "VM Thread"                           [id=17172, stack(0x0000003e0a500000,0x0000003e0a600000) (1024K)]
  0x0000015f27e00790 WorkerThread "GC Thread#0"                     [id=1816, stack(0x0000003e09f00000,0x0000003e0a000000) (1024K)]
  0x0000015f8df10400 WorkerThread "GC Thread#1"                     [id=11312, stack(0x0000003e0b800000,0x0000003e0b900000) (1024K)]
  0x0000015f8dcaaab0 WorkerThread "GC Thread#2"                     [id=9628, stack(0x0000003e0b900000,0x0000003e0ba00000) (1024K)]
  0x0000015f8df7ea30 WorkerThread "GC Thread#3"                     [id=592, stack(0x0000003e0ba00000,0x0000003e0bb00000) (1024K)]
  0x0000015f8df7fde0 WorkerThread "GC Thread#4"                     [id=12628, stack(0x0000003e0bb00000,0x0000003e0bc00000) (1024K)]
  0x0000015f8df80180 WorkerThread "GC Thread#5"                     [id=4140, stack(0x0000003e0bc00000,0x0000003e0bd00000) (1024K)]
  0x0000015f9530d910 WorkerThread "GC Thread#6"                     [id=11344, stack(0x0000003e0c200000,0x0000003e0c300000) (1024K)]
  0x0000015f8e3f8240 WorkerThread "GC Thread#7"                     [id=19112, stack(0x0000003e0c300000,0x0000003e0c400000) (1024K)]
  0x0000015f8e5ca800 WorkerThread "GC Thread#8"                     [id=5220, stack(0x0000003e0c400000,0x0000003e0c500000) (1024K)]
  0x0000015f8e5caba0 WorkerThread "GC Thread#9"                     [id=16704, stack(0x0000003e0c500000,0x0000003e0c600000) (1024K)]
  0x0000015f27e12e10 ConcurrentGCThread "G1 Main Marker"            terminated
  0x0000015f27e13910 WorkerThread "G1 Conc#0"                       [id=5268, stack(0x0000003e0a100000,0x0000003e0a200000) (1024K)]
  0x0000015f27e6e970 ConcurrentGCThread "G1 Refine#0"               terminated
  0x0000015f471722c0 ConcurrentGCThread "G1 Service"                terminated
Total: 15

Threads with active compile tasks:
Total: 0

VM state: at safepoint (shutting down)

VM Mutex/Monitor currently owned by a thread:  ([mutex/lock_event])
[0x00007ff95ff0a5f8] Threads_lock - owner thread: 0x0000015f472b9d90
[0x00007ff95ff0a6f8] Heap_lock - owner thread: 0x0000015f8dd5f0e0

Heap address: 0x0000000703200000, size: 4046 MB, Compressed Oops mode: Zero based, Oop shift amount: 3

CDS archive(s) mapped at: [0x0000015f48000000-0x0000015f48c90000-0x0000015f48c90000), size 13172736, SharedBaseAddress: 0x0000015f48000000, ArchiveRelocationMode: 1.
Compressed class space mapped at: 0x0000015f49000000-0x0000015f89000000, reserved size: 1073741824
Narrow klass base: 0x0000015f48000000, Narrow klass shift: 0, Narrow klass range: 0x100000000

GC Precious Log:
 CardTable entry size: 512
 Card Set container configuration: InlinePtr #cards 4 size 8 Array Of Cards #cards 16 size 48 Howl #buckets 8 coarsen threshold 3686 Howl Bitmap #cards 512 size 80 coarsen threshold 460 Card regions per heap region 1 cards per card region 4096
 CPUs: 12 total, 12 available
 Memory: 16176M
 Large Page Support: Disabled
 NUMA Support: Disabled
 Compressed Oops: Enabled (Zero based)
 Heap Region Size: 2M
 Heap Min Capacity: 8M
 Heap Initial Capacity: 254M
 Heap Max Capacity: 4046M
 Pre-touch: Disabled
 Parallel Workers: 10
 Concurrent Workers: 3
 Concurrent Refinement Workers: 10
 Periodic GC: Disabled

Heap:
 garbage-first heap   total 260096K, used 26872K [0x0000000703200000, 0x0000000800000000)
  region size 2048K, 13 young (26624K), 3 survivors (6144K)
 Metaspace       used 16167K, committed 16448K, reserved 1114112K
  class space    used 2351K, committed 2496K, reserved 1048576K

Heap Regions: E=young(eden), S=young(survivor), O=old, HS=humongous(starts), HC=humongous(continues), CS=collection set, F=free, TAMS=top-at-mark-start, PB=parsable bottom
|   0|0x0000000703200000, 0x000000070323e008, 0x0000000703400000| 12%| O|  |TAMS 0x0000000703200000| PB 0x0000000703200000| Untracked 
|   1|0x0000000703400000, 0x0000000703600000, 0x0000000703600000|100%|HS|  |TAMS 0x0000000703400000| PB 0x0000000703400000| Complete 
|   2|0x0000000703600000, 0x0000000703600000, 0x0000000703800000|  0%| F|  |TAMS 0x0000000703600000| PB 0x0000000703600000| Untracked 
|   3|0x0000000703800000, 0x0000000703800000, 0x0000000703a00000|  0%| F|  |TAMS 0x0000000703800000| PB 0x0000000703800000| Untracked 
|   4|0x0000000703a00000, 0x0000000703a00000, 0x0000000703c00000|  0%| F|  |TAMS 0x0000000703a00000| PB 0x0000000703a00000| Untracked 
|   5|0x0000000703c00000, 0x0000000703c00000, 0x0000000703e00000|  0%| F|  |TAMS 0x0000000703c00000| PB 0x0000000703c00000| Untracked 
|   6|0x0000000703e00000, 0x0000000703e00000, 0x0000000704000000|  0%| F|  |TAMS 0x0000000703e00000| PB 0x0000000703e00000| Untracked 
|   7|0x0000000704000000, 0x0000000704000000, 0x0000000704200000|  0%| F|  |TAMS 0x0000000704000000| PB 0x0000000704000000| Untracked 
|   8|0x0000000704200000, 0x0000000704200000, 0x0000000704400000|  0%| F|  |TAMS 0x0000000704200000| PB 0x0000000704200000| Untracked 
|   9|0x0000000704400000, 0x0000000704400000, 0x0000000704600000|  0%| F|  |TAMS 0x0000000704400000| PB 0x0000000704400000| Untracked 
|  10|0x0000000704600000, 0x0000000704600000, 0x0000000704800000|  0%| F|  |TAMS 0x0000000704600000| PB 0x0000000704600000| Untracked 
|  11|0x0000000704800000, 0x0000000704800000, 0x0000000704a00000|  0%| F|  |TAMS 0x0000000704800000| PB 0x0000000704800000| Untracked 
|  12|0x0000000704a00000, 0x0000000704a00000, 0x0000000704c00000|  0%| F|  |TAMS 0x0000000704a00000| PB 0x0000000704a00000| Untracked 
|  13|0x0000000704c00000, 0x0000000704c00000, 0x0000000704e00000|  0%| F|  |TAMS 0x0000000704c00000| PB 0x0000000704c00000| Untracked 
|  14|0x0000000704e00000, 0x0000000704e00000, 0x0000000705000000|  0%| F|  |TAMS 0x0000000704e00000| PB 0x0000000704e00000| Untracked 
|  15|0x0000000705000000, 0x0000000705000000, 0x0000000705200000|  0%| F|  |TAMS 0x0000000705000000| PB 0x0000000705000000| Untracked 
|  16|0x0000000705200000, 0x0000000705200000, 0x0000000705400000|  0%| F|  |TAMS 0x0000000705200000| PB 0x0000000705200000| Untracked 
|  17|0x0000000705400000, 0x0000000705400000, 0x0000000705600000|  0%| F|  |TAMS 0x0000000705400000| PB 0x0000000705400000| Untracked 
|  18|0x0000000705600000, 0x0000000705600000, 0x0000000705800000|  0%| F|  |TAMS 0x0000000705600000| PB 0x0000000705600000| Untracked 
|  19|0x0000000705800000, 0x0000000705800000, 0x0000000705a00000|  0%| F|  |TAMS 0x0000000705800000| PB 0x0000000705800000| Untracked 
|  20|0x0000000705a00000, 0x0000000705a00000, 0x0000000705c00000|  0%| F|  |TAMS 0x0000000705a00000| PB 0x0000000705a00000| Untracked 
|  21|0x0000000705c00000, 0x0000000705c00000, 0x0000000705e00000|  0%| F|  |TAMS 0x0000000705c00000| PB 0x0000000705c00000| Untracked 
|  22|0x0000000705e00000, 0x0000000705e00000, 0x0000000706000000|  0%| F|  |TAMS 0x0000000705e00000| PB 0x0000000705e00000| Untracked 
|  23|0x0000000706000000, 0x0000000706000000, 0x0000000706200000|  0%| F|  |TAMS 0x0000000706000000| PB 0x0000000706000000| Untracked 
|  24|0x0000000706200000, 0x0000000706200000, 0x0000000706400000|  0%| F|  |TAMS 0x0000000706200000| PB 0x0000000706200000| Untracked 
|  25|0x0000000706400000, 0x0000000706400000, 0x0000000706600000|  0%| F|  |TAMS 0x0000000706400000| PB 0x0000000706400000| Untracked 
|  26|0x0000000706600000, 0x0000000706600000, 0x0000000706800000|  0%| F|  |TAMS 0x0000000706600000| PB 0x0000000706600000| Untracked 
|  27|0x0000000706800000, 0x0000000706800000, 0x0000000706a00000|  0%| F|  |TAMS 0x0000000706800000| PB 0x0000000706800000| Untracked 
|  28|0x0000000706a00000, 0x0000000706a00000, 0x0000000706c00000|  0%| F|  |TAMS 0x0000000706a00000| PB 0x0000000706a00000| Untracked 
|  29|0x0000000706c00000, 0x0000000706c00000, 0x0000000706e00000|  0%| F|  |TAMS 0x0000000706c00000| PB 0x0000000706c00000| Untracked 
|  30|0x0000000706e00000, 0x0000000706e00000, 0x0000000707000000|  0%| F|  |TAMS 0x0000000706e00000| PB 0x0000000706e00000| Untracked 
|  31|0x0000000707000000, 0x0000000707000000, 0x0000000707200000|  0%| F|  |TAMS 0x0000000707000000| PB 0x0000000707000000| Untracked 
|  32|0x0000000707200000, 0x0000000707200000, 0x0000000707400000|  0%| F|  |TAMS 0x0000000707200000| PB 0x0000000707200000| Untracked 
|  33|0x0000000707400000, 0x0000000707400000, 0x0000000707600000|  0%| F|  |TAMS 0x0000000707400000| PB 0x0000000707400000| Untracked 
|  34|0x0000000707600000, 0x0000000707600000, 0x0000000707800000|  0%| F|  |TAMS 0x0000000707600000| PB 0x0000000707600000| Untracked 
|  35|0x0000000707800000, 0x0000000707800000, 0x0000000707a00000|  0%| F|  |TAMS 0x0000000707800000| PB 0x0000000707800000| Untracked 
|  36|0x0000000707a00000, 0x0000000707a00000, 0x0000000707c00000|  0%| F|  |TAMS 0x0000000707a00000| PB 0x0000000707a00000| Untracked 
|  37|0x0000000707c00000, 0x0000000707c00000, 0x0000000707e00000|  0%| F|  |TAMS 0x0000000707c00000| PB 0x0000000707c00000| Untracked 
|  38|0x0000000707e00000, 0x0000000707e00000, 0x0000000708000000|  0%| F|  |TAMS 0x0000000707e00000| PB 0x0000000707e00000| Untracked 
|  39|0x0000000708000000, 0x0000000708000000, 0x0000000708200000|  0%| F|  |TAMS 0x0000000708000000| PB 0x0000000708000000| Untracked 
|  40|0x0000000708200000, 0x0000000708200000, 0x0000000708400000|  0%| F|  |TAMS 0x0000000708200000| PB 0x0000000708200000| Untracked 
|  41|0x0000000708400000, 0x0000000708400000, 0x0000000708600000|  0%| F|  |TAMS 0x0000000708400000| PB 0x0000000708400000| Untracked 
|  42|0x0000000708600000, 0x0000000708600000, 0x0000000708800000|  0%| F|  |TAMS 0x0000000708600000| PB 0x0000000708600000| Untracked 
|  43|0x0000000708800000, 0x0000000708800000, 0x0000000708a00000|  0%| F|  |TAMS 0x0000000708800000| PB 0x0000000708800000| Untracked 
|  44|0x0000000708a00000, 0x0000000708a00000, 0x0000000708c00000|  0%| F|  |TAMS 0x0000000708a00000| PB 0x0000000708a00000| Untracked 
|  45|0x0000000708c00000, 0x0000000708c00000, 0x0000000708e00000|  0%| F|  |TAMS 0x0000000708c00000| PB 0x0000000708c00000| Untracked 
|  46|0x0000000708e00000, 0x0000000708e00000, 0x0000000709000000|  0%| F|  |TAMS 0x0000000708e00000| PB 0x0000000708e00000| Untracked 
|  47|0x0000000709000000, 0x0000000709000000, 0x0000000709200000|  0%| F|  |TAMS 0x0000000709000000| PB 0x0000000709000000| Untracked 
|  48|0x0000000709200000, 0x0000000709200000, 0x0000000709400000|  0%| F|  |TAMS 0x0000000709200000| PB 0x0000000709200000| Untracked 
|  49|0x0000000709400000, 0x0000000709400000, 0x0000000709600000|  0%| F|  |TAMS 0x0000000709400000| PB 0x0000000709400000| Untracked 
|  50|0x0000000709600000, 0x0000000709600000, 0x0000000709800000|  0%| F|  |TAMS 0x0000000709600000| PB 0x0000000709600000| Untracked 
|  51|0x0000000709800000, 0x0000000709800000, 0x0000000709a00000|  0%| F|  |TAMS 0x0000000709800000| PB 0x0000000709800000| Untracked 
|  52|0x0000000709a00000, 0x0000000709a00000, 0x0000000709c00000|  0%| F|  |TAMS 0x0000000709a00000| PB 0x0000000709a00000| Untracked 
|  53|0x0000000709c00000, 0x0000000709c00000, 0x0000000709e00000|  0%| F|  |TAMS 0x0000000709c00000| PB 0x0000000709c00000| Untracked 
|  54|0x0000000709e00000, 0x0000000709e00000, 0x000000070a000000|  0%| F|  |TAMS 0x0000000709e00000| PB 0x0000000709e00000| Untracked 
|  55|0x000000070a000000, 0x000000070a000000, 0x000000070a200000|  0%| F|  |TAMS 0x000000070a000000| PB 0x000000070a000000| Untracked 
|  56|0x000000070a200000, 0x000000070a200000, 0x000000070a400000|  0%| F|  |TAMS 0x000000070a200000| PB 0x000000070a200000| Untracked 
|  57|0x000000070a400000, 0x000000070a400000, 0x000000070a600000|  0%| F|  |TAMS 0x000000070a400000| PB 0x000000070a400000| Untracked 
|  58|0x000000070a600000, 0x000000070a600000, 0x000000070a800000|  0%| F|  |TAMS 0x000000070a600000| PB 0x000000070a600000| Untracked 
|  59|0x000000070a800000, 0x000000070a800000, 0x000000070aa00000|  0%| F|  |TAMS 0x000000070a800000| PB 0x000000070a800000| Untracked 
|  60|0x000000070aa00000, 0x000000070aa00000, 0x000000070ac00000|  0%| F|  |TAMS 0x000000070aa00000| PB 0x000000070aa00000| Untracked 
|  61|0x000000070ac00000, 0x000000070ac00000, 0x000000070ae00000|  0%| F|  |TAMS 0x000000070ac00000| PB 0x000000070ac00000| Untracked 
|  62|0x000000070ae00000, 0x000000070ae00000, 0x000000070b000000|  0%| F|  |TAMS 0x000000070ae00000| PB 0x000000070ae00000| Untracked 
|  63|0x000000070b000000, 0x000000070b000000, 0x000000070b200000|  0%| F|  |TAMS 0x000000070b000000| PB 0x000000070b000000| Untracked 
|  64|0x000000070b200000, 0x000000070b200000, 0x000000070b400000|  0%| F|  |TAMS 0x000000070b200000| PB 0x000000070b200000| Untracked 
|  65|0x000000070b400000, 0x000000070b400000, 0x000000070b600000|  0%| F|  |TAMS 0x000000070b400000| PB 0x000000070b400000| Untracked 
|  66|0x000000070b600000, 0x000000070b600000, 0x000000070b800000|  0%| F|  |TAMS 0x000000070b600000| PB 0x000000070b600000| Untracked 
|  67|0x000000070b800000, 0x000000070b800000, 0x000000070ba00000|  0%| F|  |TAMS 0x000000070b800000| PB 0x000000070b800000| Untracked 
|  68|0x000000070ba00000, 0x000000070ba00000, 0x000000070bc00000|  0%| F|  |TAMS 0x000000070ba00000| PB 0x000000070ba00000| Untracked 
|  69|0x000000070bc00000, 0x000000070bc00000, 0x000000070be00000|  0%| F|  |TAMS 0x000000070bc00000| PB 0x000000070bc00000| Untracked 
|  70|0x000000070be00000, 0x000000070be00000, 0x000000070c000000|  0%| F|  |TAMS 0x000000070be00000| PB 0x000000070be00000| Untracked 
|  71|0x000000070c000000, 0x000000070c000000, 0x000000070c200000|  0%| F|  |TAMS 0x000000070c000000| PB 0x000000070c000000| Untracked 
|  72|0x000000070c200000, 0x000000070c200000, 0x000000070c400000|  0%| F|  |TAMS 0x000000070c200000| PB 0x000000070c200000| Untracked 
|  73|0x000000070c400000, 0x000000070c400000, 0x000000070c600000|  0%| F|  |TAMS 0x000000070c400000| PB 0x000000070c400000| Untracked 
|  74|0x000000070c600000, 0x000000070c600000, 0x000000070c800000|  0%| F|  |TAMS 0x000000070c600000| PB 0x000000070c600000| Untracked 
|  75|0x000000070c800000, 0x000000070c800000, 0x000000070ca00000|  0%| F|  |TAMS 0x000000070c800000| PB 0x000000070c800000| Untracked 
|  76|0x000000070ca00000, 0x000000070ca00000, 0x000000070cc00000|  0%| F|  |TAMS 0x000000070ca00000| PB 0x000000070ca00000| Untracked 
|  77|0x000000070cc00000, 0x000000070cc00000, 0x000000070ce00000|  0%| F|  |TAMS 0x000000070cc00000| PB 0x000000070cc00000| Untracked 
|  78|0x000000070ce00000, 0x000000070ce00000, 0x000000070d000000|  0%| F|  |TAMS 0x000000070ce00000| PB 0x000000070ce00000| Untracked 
|  79|0x000000070d000000, 0x000000070d000000, 0x000000070d200000|  0%| F|  |TAMS 0x000000070d000000| PB 0x000000070d000000| Untracked 
|  80|0x000000070d200000, 0x000000070d200000, 0x000000070d400000|  0%| F|  |TAMS 0x000000070d200000| PB 0x000000070d200000| Untracked 
|  81|0x000000070d400000, 0x000000070d400000, 0x000000070d600000|  0%| F|  |TAMS 0x000000070d400000| PB 0x000000070d400000| Untracked 
|  82|0x000000070d600000, 0x000000070d600000, 0x000000070d800000|  0%| F|  |TAMS 0x000000070d600000| PB 0x000000070d600000| Untracked 
|  83|0x000000070d800000, 0x000000070d800000, 0x000000070da00000|  0%| F|  |TAMS 0x000000070d800000| PB 0x000000070d800000| Untracked 
|  84|0x000000070da00000, 0x000000070da00000, 0x000000070dc00000|  0%| F|  |TAMS 0x000000070da00000| PB 0x000000070da00000| Untracked 
|  85|0x000000070dc00000, 0x000000070dc00000, 0x000000070de00000|  0%| F|  |TAMS 0x000000070dc00000| PB 0x000000070dc00000| Untracked 
|  86|0x000000070de00000, 0x000000070de00000, 0x000000070e000000|  0%| F|  |TAMS 0x000000070de00000| PB 0x000000070de00000| Untracked 
|  87|0x000000070e000000, 0x000000070e000000, 0x000000070e200000|  0%| F|  |TAMS 0x000000070e000000| PB 0x000000070e000000| Untracked 
|  88|0x000000070e200000, 0x000000070e200000, 0x000000070e400000|  0%| F|  |TAMS 0x000000070e200000| PB 0x000000070e200000| Untracked 
|  89|0x000000070e400000, 0x000000070e400000, 0x000000070e600000|  0%| F|  |TAMS 0x000000070e400000| PB 0x000000070e400000| Untracked 
|  90|0x000000070e600000, 0x000000070e600000, 0x000000070e800000|  0%| F|  |TAMS 0x000000070e600000| PB 0x000000070e600000| Untracked 
|  91|0x000000070e800000, 0x000000070e800000, 0x000000070ea00000|  0%| F|  |TAMS 0x000000070e800000| PB 0x000000070e800000| Untracked 
|  92|0x000000070ea00000, 0x000000070ea00000, 0x000000070ec00000|  0%| F|  |TAMS 0x000000070ea00000| PB 0x000000070ea00000| Untracked 
|  93|0x000000070ec00000, 0x000000070ec00000, 0x000000070ee00000|  0%| F|  |TAMS 0x000000070ec00000| PB 0x000000070ec00000| Untracked 
|  94|0x000000070ee00000, 0x000000070ee00000, 0x000000070f000000|  0%| F|  |TAMS 0x000000070ee00000| PB 0x000000070ee00000| Untracked 
|  95|0x000000070f000000, 0x000000070f000000, 0x000000070f200000|  0%| F|  |TAMS 0x000000070f000000| PB 0x000000070f000000| Untracked 
|  96|0x000000070f200000, 0x000000070f200000, 0x000000070f400000|  0%| F|  |TAMS 0x000000070f200000| PB 0x000000070f200000| Untracked 
|  97|0x000000070f400000, 0x000000070f400000, 0x000000070f600000|  0%| F|  |TAMS 0x000000070f400000| PB 0x000000070f400000| Untracked 
|  98|0x000000070f600000, 0x000000070f600000, 0x000000070f800000|  0%| F|  |TAMS 0x000000070f600000| PB 0x000000070f600000| Untracked 
|  99|0x000000070f800000, 0x000000070f800000, 0x000000070fa00000|  0%| F|  |TAMS 0x000000070f800000| PB 0x000000070f800000| Untracked 
| 100|0x000000070fa00000, 0x000000070fa00000, 0x000000070fc00000|  0%| F|  |TAMS 0x000000070fa00000| PB 0x000000070fa00000| Untracked 
| 101|0x000000070fc00000, 0x000000070fc00000, 0x000000070fe00000|  0%| F|  |TAMS 0x000000070fc00000| PB 0x000000070fc00000| Untracked 
| 102|0x000000070fe00000, 0x000000070fe00000, 0x0000000710000000|  0%| F|  |TAMS 0x000000070fe00000| PB 0x000000070fe00000| Untracked 
| 103|0x0000000710000000, 0x0000000710200000, 0x0000000710200000|100%| S|CS|TAMS 0x0000000710000000| PB 0x0000000710000000| Complete 
| 104|0x0000000710200000, 0x0000000710400000, 0x0000000710400000|100%| S|CS|TAMS 0x0000000710200000| PB 0x0000000710200000| Complete 
| 105|0x0000000710400000, 0x0000000710600000, 0x0000000710600000|100%| S|CS|TAMS 0x0000000710400000| PB 0x0000000710400000| Complete 
| 106|0x0000000710600000, 0x0000000710600000, 0x0000000710800000|  0%| F|  |TAMS 0x0000000710600000| PB 0x0000000710600000| Untracked 
| 107|0x0000000710800000, 0x0000000710800000, 0x0000000710a00000|  0%| F|  |TAMS 0x0000000710800000| PB 0x0000000710800000| Untracked 
| 108|0x0000000710a00000, 0x0000000710a00000, 0x0000000710c00000|  0%| F|  |TAMS 0x0000000710a00000| PB 0x0000000710a00000| Untracked 
| 109|0x0000000710c00000, 0x0000000710c00000, 0x0000000710e00000|  0%| F|  |TAMS 0x0000000710c00000| PB 0x0000000710c00000| Untracked 
| 110|0x0000000710e00000, 0x0000000710e00000, 0x0000000711000000|  0%| F|  |TAMS 0x0000000710e00000| PB 0x0000000710e00000| Untracked 
| 111|0x0000000711000000, 0x0000000711000000, 0x0000000711200000|  0%| F|  |TAMS 0x0000000711000000| PB 0x0000000711000000| Untracked 
| 112|0x0000000711200000, 0x0000000711200000, 0x0000000711400000|  0%| F|  |TAMS 0x0000000711200000| PB 0x0000000711200000| Untracked 
| 113|0x0000000711400000, 0x0000000711400000, 0x0000000711600000|  0%| F|  |TAMS 0x0000000711400000| PB 0x0000000711400000| Untracked 
| 114|0x0000000711600000, 0x0000000711600000, 0x0000000711800000|  0%| F|  |TAMS 0x0000000711600000| PB 0x0000000711600000| Untracked 
| 115|0x0000000711800000, 0x0000000711800000, 0x0000000711a00000|  0%| F|  |TAMS 0x0000000711800000| PB 0x0000000711800000| Untracked 
| 116|0x0000000711a00000, 0x0000000711a00000, 0x0000000711c00000|  0%| F|  |TAMS 0x0000000711a00000| PB 0x0000000711a00000| Untracked 
| 117|0x0000000711c00000, 0x0000000711d76490, 0x0000000711e00000| 73%| E|  |TAMS 0x0000000711c00000| PB 0x0000000711c00000| Complete 
| 118|0x0000000711e00000, 0x0000000712000000, 0x0000000712000000|100%| E|CS|TAMS 0x0000000711e00000| PB 0x0000000711e00000| Complete 
| 119|0x0000000712000000, 0x0000000712200000, 0x0000000712200000|100%| E|CS|TAMS 0x0000000712000000| PB 0x0000000712000000| Complete 
| 120|0x0000000712200000, 0x0000000712400000, 0x0000000712400000|100%| E|CS|TAMS 0x0000000712200000| PB 0x0000000712200000| Complete 
| 121|0x0000000712400000, 0x0000000712600000, 0x0000000712600000|100%| E|CS|TAMS 0x0000000712400000| PB 0x0000000712400000| Complete 
| 122|0x0000000712600000, 0x0000000712800000, 0x0000000712800000|100%| E|CS|TAMS 0x0000000712600000| PB 0x0000000712600000| Complete 
| 123|0x0000000712800000, 0x0000000712a00000, 0x0000000712a00000|100%| E|CS|TAMS 0x0000000712800000| PB 0x0000000712800000| Complete 
| 124|0x0000000712a00000, 0x0000000712c00000, 0x0000000712c00000|100%| E|CS|TAMS 0x0000000712a00000| PB 0x0000000712a00000| Complete 
| 125|0x0000000712c00000, 0x0000000712e00000, 0x0000000712e00000|100%| E|CS|TAMS 0x0000000712c00000| PB 0x0000000712c00000| Complete 
| 126|0x0000000712e00000, 0x0000000713000000, 0x0000000713000000|100%| E|CS|TAMS 0x0000000712e00000| PB 0x0000000712e00000| Complete 

Card table byte_map: [0x0000015f3ff40000,0x0000015f40730000] _byte_map_base: 0x0000015f3c727000

Marking Bits: (CMBitMap*) 0x0000015f27e016a0
 Bits: [0x0000015f40730000, 0x0000015f44668000)

Polling page: 0x0000015f25d20000

Metaspace:

Usage:
  Non-class:     13.49 MB used.
      Class:      2.30 MB used.
       Both:     15.79 MB used.

Virtual space:
  Non-class space:       64.00 MB reserved,      13.62 MB ( 21%) committed,  1 nodes.
      Class space:        1.00 GB reserved,       2.44 MB ( <1%) committed,  1 nodes.
             Both:        1.06 GB reserved,      16.06 MB (  1%) committed. 

Chunk freelists:
   Non-Class:  1.69 MB
       Class:  13.53 MB
        Both:  15.22 MB

MaxMetaspaceSize: unlimited
CompressedClassSpaceSize: 1.00 GB
Initial GC threshold: 21.00 MB
Current GC threshold: 21.00 MB
CDS: on
 - commit_granule_bytes: 65536.
 - commit_granule_words: 8192.
 - virtual_space_node_default_size: 8388608.
 - enlarge_chunks_in_place: 1.
 - use_allocation_guard: 0.


Internal statistics:

num_allocs_failed_limit: 0.
num_arena_births: 348.
num_arena_deaths: 0.
num_vsnodes_births: 2.
num_vsnodes_deaths: 0.
num_space_committed: 257.
num_space_uncommitted: 0.
num_chunks_returned_to_freelist: 0.
num_chunks_taken_from_freelist: 834.
num_chunk_merges: 0.
num_chunk_splits: 577.
num_chunks_enlarged: 445.
num_inconsistent_stats: 0.

CodeHeap 'non-profiled nmethods': size=120000Kb used=1086Kb max_used=1086Kb free=118913Kb
 bounds [0x0000015f37cd0000, 0x0000015f37f40000, 0x0000015f3f200000]
CodeHeap 'profiled nmethods': size=120000Kb used=5089Kb max_used=5089Kb free=114910Kb
 bounds [0x0000015f30200000, 0x0000015f30700000, 0x0000015f37730000]
CodeHeap 'non-nmethods': size=5760Kb used=1796Kb max_used=1816Kb free=3963Kb
 bounds [0x0000015f37730000, 0x0000015f379a0000, 0x0000015f37cd0000]
 total_blobs=3623 nmethods=2809 adapters=718
 compilation: enabled
              stopped_count=0, restarted_count=0
 full_count=0

Compilation events (20 events):
Event: 11.700 Thread 0x0000015f472e8b60 2802       3       com.sun.javafx.scene.shape.ShapeHelper::computeContainsImpl (13 bytes)
Event: 11.700 Thread 0x0000015f472e8b60 nmethod 2802 0x0000015f306f4690 code [0x0000015f306f4840, 0x0000015f306f49f0]
Event: 11.700 Thread 0x0000015f472e8b60 2803       3       javafx.scene.shape.Shape$1::doComputeContains (11 bytes)
Event: 11.700 Thread 0x0000015f472e8b60 nmethod 2803 0x0000015f306f4b10 code [0x0000015f306f4cc0, 0x0000015f306f4f00]
Event: 11.700 Thread 0x0000015f472e8b60 2804       3       javafx.scene.shape.Shape::doComputeContains (11 bytes)
Event: 11.700 Thread 0x0000015f472e8b60 nmethod 2804 0x0000015f306f5010 code [0x0000015f306f5200, 0x0000015f306f5638]
Event: 11.700 Thread 0x0000015f472e8b60 2805       3       com.sun.javafx.scene.shape.RectangleHelper::configShapeImpl (10 bytes)
Event: 11.700 Thread 0x0000015f472e8b60 nmethod 2805 0x0000015f306f5790 code [0x0000015f306f5960, 0x0000015f306f5c58]
Event: 11.700 Thread 0x0000015f472e8b60 2806       3       javafx.scene.shape.Rectangle$1::doConfigShape (8 bytes)
Event: 11.700 Thread 0x0000015f472e8b60 nmethod 2806 0x0000015f306f5d90 code [0x0000015f306f5f40, 0x0000015f306f6180]
Event: 11.702 Thread 0x0000015f472e8b60 2807   !   3       javafx.scene.Node::containsBounds (115 bytes)
Event: 11.702 Thread 0x0000015f472e8b60 nmethod 2807 0x0000015f306f6290 code [0x0000015f306f65a0, 0x0000015f306f7a00]
Event: 11.702 Thread 0x0000015f472e8b60 2808       3       com.sun.javafx.scene.NodeHelper::computeContains (11 bytes)
Event: 11.702 Thread 0x0000015f472e8b60 nmethod 2808 0x0000015f306f8090 code [0x0000015f306f8240, 0x0000015f306f8458]
Event: 11.727 Thread 0x0000015f472e84b0 2809       4       javafx.scene.Node::localToScene (21 bytes)
Event: 11.730 Thread 0x0000015f472e84b0 nmethod 2809 0x0000015f37dde610 code [0x0000015f37dde820, 0x0000015f37dded68]
Event: 11.787 Thread 0x0000015f472e84b0 2810       4       com.sun.javafx.event.EventDispatchChainImpl::dispatchEvent (101 bytes)
Event: 11.787 Thread 0x0000015f472e84b0 nmethod 2810 0x0000015f37ddf210 code [0x0000015f37ddf3a0, 0x0000015f37ddf580]
Event: 14.148 Thread 0x0000015f472e8b60 2811       1       java.util.logging.LogManager$LoggerContext::getOwner (5 bytes)
Event: 14.148 Thread 0x0000015f472e8b60 nmethod 2811 0x0000015f37ddf710 code [0x0000015f37ddf8a0, 0x0000015f37ddf970]

GC Heap History (4 events):
Event: 0.498 GC heap before
{Heap before GC invocations=0 (full 0):
 garbage-first heap   total 260096K, used 20480K [0x0000000703200000, 0x0000000800000000)
  region size 2048K, 11 young (22528K), 0 survivors (0K)
 Metaspace       used 4634K, committed 4864K, reserved 1114112K
  class space    used 513K, committed 640K, reserved 1048576K
}
Event: 0.500 GC heap after
{Heap after GC invocations=1 (full 0):
 garbage-first heap   total 260096K, used 2719K [0x0000000703200000, 0x0000000800000000)
  region size 2048K, 2 young (4096K), 2 survivors (4096K)
 Metaspace       used 4634K, committed 4864K, reserved 1114112K
  class space    used 513K, committed 640K, reserved 1048576K
}
Event: 0.859 GC heap before
{Heap before GC invocations=1 (full 0):
 garbage-first heap   total 260096K, used 39583K [0x0000000703200000, 0x0000000800000000)
  region size 2048K, 21 young (43008K), 2 survivors (4096K)
 Metaspace       used 13460K, committed 13760K, reserved 1114112K
  class space    used 2086K, committed 2240K, reserved 1048576K
}
Event: 0.863 GC heap after
{Heap after GC invocations=2 (full 0):
 garbage-first heap   total 260096K, used 6392K [0x0000000703200000, 0x0000000800000000)
  region size 2048K, 3 young (6144K), 3 survivors (6144K)
 Metaspace       used 13460K, committed 13760K, reserved 1114112K
  class space    used 2086K, committed 2240K, reserved 1048576K
}

Dll operation events (20 events):
Event: 0.265 Loaded shared library C:\Users\danik\.openjfx\cache\21+31\amd64\api-ms-win-crt-locale-l1-1-0.dll
Event: 0.267 Loaded shared library C:\Users\danik\.openjfx\cache\21+31\amd64\api-ms-win-crt-math-l1-1-0.dll
Event: 0.269 Loaded shared library C:\Users\danik\.openjfx\cache\21+31\amd64\api-ms-win-crt-multibyte-l1-1-0.dll
Event: 0.272 Loaded shared library C:\Users\danik\.openjfx\cache\21+31\amd64\api-ms-win-crt-private-l1-1-0.dll
Event: 0.274 Loaded shared library C:\Users\danik\.openjfx\cache\21+31\amd64\api-ms-win-crt-process-l1-1-0.dll
Event: 0.276 Loaded shared library C:\Users\danik\.openjfx\cache\21+31\amd64\api-ms-win-crt-runtime-l1-1-0.dll
Event: 0.278 Loaded shared library C:\Users\danik\.openjfx\cache\21+31\amd64\api-ms-win-crt-stdio-l1-1-0.dll
Event: 0.280 Loaded shared library C:\Users\danik\.openjfx\cache\21+31\amd64\api-ms-win-crt-string-l1-1-0.dll
Event: 0.282 Loaded shared library C:\Users\danik\.openjfx\cache\21+31\amd64\api-ms-win-crt-time-l1-1-0.dll
Event: 0.284 Loaded shared library C:\Users\danik\.openjfx\cache\21+31\amd64\api-ms-win-crt-utility-l1-1-0.dll
Event: 0.293 Loaded shared library C:\Users\danik\.openjfx\cache\21+31\amd64\ucrtbase.dll
Event: 0.296 Loaded shared library C:\Users\danik\.openjfx\cache\21+31\amd64\vcruntime140.dll
Event: 0.298 Loaded shared library C:\Users\danik\.openjfx\cache\21+31\amd64\vcruntime140_1.dll
Event: 0.304 Loaded shared library C:\Users\danik\.openjfx\cache\21+31\amd64\msvcp140.dll
Event: 0.306 Loaded shared library C:\Users\danik\.openjfx\cache\21+31\amd64\msvcp140_1.dll
Event: 0.310 Loaded shared library C:\Users\danik\.openjfx\cache\21+31\amd64\msvcp140_2.dll
Event: 0.333 Loaded shared library C:\Users\danik\.openjfx\cache\21+31\amd64\prism_d3d.dll
Event: 0.388 Loaded shared library C:\Users\danik\.openjfx\cache\21+31\amd64\glass.dll
Event: 0.514 Loaded shared library C:\Program Files\Java\jdk-21\bin\jimage.dll
Event: 0.637 Loaded shared library C:\Users\danik\.openjfx\cache\21+31\amd64\javafx_font.dll

Deoptimization events (20 events):
Event: 3.438 Thread 0x0000015f8d9779a0 Uncommon trap: trap_request=0xffffffc6 fr.pc=0x0000015f37d8ddb8 relative=0x0000000000000878
Event: 3.438 Thread 0x0000015f8d9779a0 Uncommon trap: reason=bimorphic_or_optimized_type_check action=maybe_recompile pc=0x0000015f37d8ddb8 method=java.util.regex.Pattern$Start.match(Ljava/util/regex/Matcher;ILjava/lang/CharSequence;)Z @ 44 c2
Event: 3.438 Thread 0x0000015f8d9779a0 DEOPT PACKING pc=0x0000015f37d8ddb8 sp=0x0000003e0b6fc550
Event: 3.438 Thread 0x0000015f8d9779a0 DEOPT UNPACKING pc=0x0000015f377846a2 sp=0x0000003e0b6fc4a0 mode 2
Event: 3.438 Thread 0x0000015f8d9779a0 Uncommon trap: trap_request=0xffffffc6 fr.pc=0x0000015f37d8ddb8 relative=0x0000000000000878
Event: 3.438 Thread 0x0000015f8d9779a0 Uncommon trap: reason=bimorphic_or_optimized_type_check action=maybe_recompile pc=0x0000015f37d8ddb8 method=java.util.regex.Pattern$Start.match(Ljava/util/regex/Matcher;ILjava/lang/CharSequence;)Z @ 44 c2
Event: 3.438 Thread 0x0000015f8d9779a0 DEOPT PACKING pc=0x0000015f37d8ddb8 sp=0x0000003e0b6fc550
Event: 3.438 Thread 0x0000015f8d9779a0 DEOPT UNPACKING pc=0x0000015f377846a2 sp=0x0000003e0b6fc4a0 mode 2
Event: 3.438 Thread 0x0000015f8d9779a0 Uncommon trap: trap_request=0xffffffc6 fr.pc=0x0000015f37d8ddb8 relative=0x0000000000000878
Event: 3.438 Thread 0x0000015f8d9779a0 Uncommon trap: reason=bimorphic_or_optimized_type_check action=maybe_recompile pc=0x0000015f37d8ddb8 method=java.util.regex.Pattern$Start.match(Ljava/util/regex/Matcher;ILjava/lang/CharSequence;)Z @ 44 c2
Event: 3.438 Thread 0x0000015f8d9779a0 DEOPT PACKING pc=0x0000015f37d8ddb8 sp=0x0000003e0b6fc550
Event: 3.438 Thread 0x0000015f8d9779a0 DEOPT UNPACKING pc=0x0000015f377846a2 sp=0x0000003e0b6fc4a0 mode 2
Event: 3.438 Thread 0x0000015f8d9779a0 Uncommon trap: trap_request=0xffffffc6 fr.pc=0x0000015f37d8ddb8 relative=0x0000000000000878
Event: 3.438 Thread 0x0000015f8d9779a0 Uncommon trap: reason=bimorphic_or_optimized_type_check action=maybe_recompile pc=0x0000015f37d8ddb8 method=java.util.regex.Pattern$Start.match(Ljava/util/regex/Matcher;ILjava/lang/CharSequence;)Z @ 44 c2
Event: 3.438 Thread 0x0000015f8d9779a0 DEOPT PACKING pc=0x0000015f37d8ddb8 sp=0x0000003e0b6fc550
Event: 3.438 Thread 0x0000015f8d9779a0 DEOPT UNPACKING pc=0x0000015f377846a2 sp=0x0000003e0b6fc4a0 mode 2
Event: 3.448 Thread 0x0000015f8d9779a0 Uncommon trap: trap_request=0xffffff45 fr.pc=0x0000015f37daa308 relative=0x0000000000000068
Event: 3.448 Thread 0x0000015f8d9779a0 Uncommon trap: reason=unstable_if action=reinterpret pc=0x0000015f37daa308 method=javafx.scene.Node.updateLocalToParentTransform()V @ 4 c2
Event: 3.448 Thread 0x0000015f8d9779a0 DEOPT PACKING pc=0x0000015f37daa308 sp=0x0000003e0b6fc6d0
Event: 3.448 Thread 0x0000015f8d9779a0 DEOPT UNPACKING pc=0x0000015f377846a2 sp=0x0000003e0b6fc628 mode 2

Classes loaded (20 events):
Event: 1.021 Loading class sun/util/resources/cldr/TimeZoneNames_en
Event: 1.021 Loading class sun/util/resources/cldr/TimeZoneNames_en done
Event: 1.022 Loading class sun/util/resources/cldr/TimeZoneNames_en_US
Event: 1.022 Loading class sun/util/resources/cldr/TimeZoneNames_en_US done
Event: 1.022 Loading class sun/util/cldr/CLDRBaseLocaleDataMetaInfo$TZCanonicalIDMapHolder
Event: 1.023 Loading class sun/util/cldr/CLDRBaseLocaleDataMetaInfo$TZCanonicalIDMapHolder done
Event: 1.023 Loading class sun/util/resources/TimeZoneNames
Event: 1.024 Loading class sun/util/resources/TimeZoneNames done
Event: 1.024 Loading class sun/util/resources/TimeZoneNames_en
Event: 1.024 Loading class sun/util/resources/TimeZoneNames_en done
Event: 1.810 Loading class java/util/EnumMap$Values
Event: 1.810 Loading class java/util/EnumMap$Values done
Event: 1.810 Loading class java/util/EnumMap$ValueIterator
Event: 1.810 Loading class java/util/EnumMap$EnumMapIterator
Event: 1.810 Loading class java/util/EnumMap$EnumMapIterator done
Event: 1.810 Loading class java/util/EnumMap$ValueIterator done
Event: 3.314 Loading class java/io/UnsupportedEncodingException
Event: 3.314 Loading class java/io/UnsupportedEncodingException done
Event: 14.147 Loading class jdk/internal/misc/Signal$1
Event: 14.147 Loading class jdk/internal/misc/Signal$1 done

Classes unloaded (0 events):
No events

Classes redefined (0 events):
No events

Internal exceptions (20 events):
Event: 0.726 Thread 0x0000015f8d9779a0 Exception <a 'java/lang/NoSuchMethodError'{0x00000007115574b8}: 'int java.lang.invoke.DirectMethodHandle$Holder.invokeSpecial(java.lang.Object, java.lang.Object, java.lang.Object, int)'> (0x00000007115574b8) 
thrown [s\open\src\hotspot\share\interpreter\linkResolver.cpp, line 773]
Event: 0.727 Thread 0x0000015f8d9779a0 Exception <a 'java/lang/NoSuchMethodError'{0x0000000711561390}: 'void java.lang.invoke.DelegatingMethodHandle$Holder.reinvoke_L(java.lang.Object, java.lang.Object, int)'> (0x0000000711561390) 
thrown [s\open\src\hotspot\share\interpreter\linkResolver.cpp, line 773]
Event: 0.727 Thread 0x0000015f8d9779a0 Exception <a 'java/lang/NoSuchMethodError'{0x0000000711564db8}: 'int java.lang.invoke.DirectMethodHandle$Holder.invokeSpecial(java.lang.Object, java.lang.Object, java.lang.Object)'> (0x0000000711564db8) 
thrown [s\open\src\hotspot\share\interpreter\linkResolver.cpp, line 773]
Event: 0.749 Thread 0x0000015f8d9779a0 Implicit null exception at 0x0000015f37d4a63d to 0x0000015f37d4a894
Event: 0.750 Thread 0x0000015f8d9779a0 Implicit null exception at 0x0000015f37d4803d to 0x0000015f37d48278
Event: 0.822 Thread 0x0000015f8d9779a0 Exception <a 'java/lang/ClassNotFoundException'{0x0000000710aee9d8}: com/sun/javafx/scene/control/skin/resources/controls> (0x0000000710aee9d8) 
thrown [s\open\src\hotspot\share\prims\jni.cpp, line 539]
Event: 0.822 Thread 0x0000015f8d9779a0 Exception <a 'java/lang/ClassNotFoundException'{0x0000000710afcbd8}: com/sun/javafx/scene/control/skin/resources/controls_uk> (0x0000000710afcbd8) 
thrown [s\open\src\hotspot\share\prims\jni.cpp, line 539]
Event: 0.822 Thread 0x0000015f8d9779a0 Exception <a 'java/lang/ClassNotFoundException'{0x0000000710afdb80}: com/sun/javafx/scene/control/skin/resources/controls_uk_UA> (0x0000000710afdb80) 
thrown [s\open\src\hotspot\share\prims\jni.cpp, line 539]
Event: 0.843 Thread 0x0000015f8d9779a0 Exception <a 'java/lang/NoSuchMethodError'{0x00000007108e1250}: 'void java.lang.invoke.DirectMethodHandle$Holder.invokeSpecial(java.lang.Object, java.lang.Object, java.lang.Object, java.lang.Object, java.lang.Object, java.lang.Object)'> (0x00000007108e1250) 
thrown [s\open\src\hotspot\share\interpreter\linkResolver.cpp, line 773]
Event: 0.844 Thread 0x0000015f8d9779a0 Exception <a 'java/lang/IncompatibleClassChangeError'{0x00000007108ffb48}: Found class java.lang.Object, but interface was expected> (0x00000007108ffb48) 
thrown [s\open\src\hotspot\share\interpreter\linkResolver.cpp, line 840]
Event: 0.890 Thread 0x0000015f8d9779a0 Exception <a 'java/lang/NoSuchMethodError'{0x0000000712ca1fc8}: 'int java.lang.invoke.DirectMethodHandle$Holder.invokeSpecial(java.lang.Object, java.lang.Object, int)'> (0x0000000712ca1fc8) 
thrown [s\open\src\hotspot\share\interpreter\linkResolver.cpp, line 773]
Event: 0.898 Thread 0x0000015f8d9779a0 Exception <a 'java/lang/NoSuchMethodError'{0x0000000712cf2a48}: 'java.lang.Object java.lang.invoke.DirectMethodHandle$Holder.newInvokeSpecial(java.lang.Object, java.lang.Object, int)'> (0x0000000712cf2a48) 
thrown [s\open\src\hotspot\share\interpreter\linkResolver.cpp, line 773]
Event: 0.919 Thread 0x0000015f8d55e5a0 Exception <a 'java/lang/NoSuchMethodError'{0x0000000712a20a10}: 'int java.lang.invoke.DirectMethodHandle$Holder.invokeStaticInit(java.lang.Object, java.lang.Object)'> (0x0000000712a20a10) 
thrown [s\open\src\hotspot\share\interpreter\linkResolver.cpp, line 773]
Event: 0.932 Thread 0x0000015f8d9779a0 Exception <a 'java/lang/NoSuchMethodError'{0x0000000712bd2a38}: 'long java.lang.invoke.DirectMethodHandle$Holder.invokeStatic(java.lang.Object, java.lang.Object, java.lang.Object)'> (0x0000000712bd2a38) 
thrown [s\open\src\hotspot\share\interpreter\linkResolver.cpp, line 773]
Event: 0.932 Thread 0x0000015f8d9779a0 Exception <a 'java/lang/NoSuchMethodError'{0x0000000712bd5e08}: 'long java.lang.invoke.DirectMethodHandle$Holder.invokeStaticInit(java.lang.Object, java.lang.Object, java.lang.Object)'> (0x0000000712bd5e08) 
thrown [s\open\src\hotspot\share\interpreter\linkResolver.cpp, line 773]
Event: 0.933 Thread 0x0000015f8d9779a0 Exception <a 'java/lang/NoSuchMethodError'{0x0000000712bea400}: 'java.lang.Object java.lang.invoke.DirectMethodHandle$Holder.newInvokeSpecial(java.lang.Object, java.lang.Object, long)'> (0x0000000712bea400) 
thrown [s\open\src\hotspot\share\interpreter\linkResolver.cpp, line 773]
Event: 0.934 Thread 0x0000015f8d9779a0 Exception <a 'java/lang/NoSuchMethodError'{0x0000000712bedcf8}: 'java.lang.Object java.lang.invoke.Invokers$Holder.linkToTargetMethod(java.lang.Object, long, java.lang.Object)'> (0x0000000712bedcf8) 
thrown [s\open\src\hotspot\share\interpreter\linkResolver.cpp, line 773]
Event: 7.704 Thread 0x0000015f8d9779a0 Exception <a 'java/lang/NoSuchMethodError'{0x0000000711e31ba0}: 'java.lang.Object java.lang.invoke.DirectMethodHandle$Holder.newInvokeSpecial(java.lang.Object, java.lang.Object, int, int, int, int, int, java.lang.Object)'> (0x0000000711e31ba0) 
thrown [s\open\src\hotspot\share\interpreter\linkResolver.cpp, line 773]
Event: 7.705 Thread 0x0000015f8d9779a0 Exception <a 'java/lang/NoSuchMethodError'{0x0000000711e44270}: 'java.lang.Object java.lang.invoke.DirectMethodHandle$Holder.newInvokeSpecial(java.lang.Object, java.lang.Object, java.lang.Object, int, int, int, int, int)'> (0x0000000711e44270) 
thrown [s\open\src\hotspot\share\interpreter\linkResolver.cpp, line 773]
Event: 7.705 Thread 0x0000015f8d9779a0 Exception <a 'java/lang/NoSuchMethodError'{0x0000000711e4c070}: 'java.lang.Object java.lang.invoke.Invokers$Holder.linkToTargetMethod(java.lang.Object, java.lang.Object, int, int, int, int, int, java.lang.Object)'> (0x0000000711e4c070) 
thrown [s\open\src\hotspot\share\interpreter\linkResolver.cpp, line 773]

ZGC Phase Switch (0 events):
No events

VM Operations (20 events):
Event: 0.801 Executing VM operation: ICBufferFull done
Event: 0.859 Executing VM operation: G1CollectForAllocation (G1 Evacuation Pause)
Event: 0.863 Executing VM operation: G1CollectForAllocation (G1 Evacuation Pause) done
Event: 0.869 Executing VM operation: HandshakeAllThreads (Deoptimize)
Event: 0.869 Executing VM operation: HandshakeAllThreads (Deoptimize) done
Event: 1.869 Executing VM operation: Cleanup
Event: 1.869 Executing VM operation: Cleanup done
Event: 2.749 Executing VM operation: HandshakeAllThreads (Deoptimize)
Event: 2.749 Executing VM operation: HandshakeAllThreads (Deoptimize) done
Event: 3.460 Executing VM operation: ICBufferFull
Event: 3.460 Executing VM operation: ICBufferFull done
Event: 5.460 Executing VM operation: Cleanup
Event: 5.460 Executing VM operation: Cleanup done
Event: 6.460 Executing VM operation: Cleanup
Event: 6.460 Executing VM operation: Cleanup done
Event: 8.460 Executing VM operation: Cleanup
Event: 8.460 Executing VM operation: Cleanup done
Event: 12.461 Executing VM operation: Cleanup
Event: 12.461 Executing VM operation: Cleanup done
Event: 14.148 Executing VM operation: Exit

Events (20 events):
Event: 0.125 Thread 0x0000015f8d544d20 Thread added: 0x0000015f8d544d20
Event: 0.327 Thread 0x0000015f8d55e5a0 Thread added: 0x0000015f8d55e5a0
Event: 0.389 Thread 0x0000015f8d3e7630 Thread added: 0x0000015f8d3e7630
Event: 0.391 Thread 0x0000015f8d9779a0 Thread added: 0x0000015f8d9779a0
Event: 0.466 Thread 0x0000015f4761b270 Thread exited: 0x0000015f4761b270
Event: 0.468 Thread 0x0000015f4761a010 Thread exited: 0x0000015f4761a010
Event: 0.494 Thread 0x0000015f8df58a90 Thread added: 0x0000015f8df58a90
Event: 0.500 Thread 0x0000015f8dc8cf30 Thread added: 0x0000015f8dc8cf30
Event: 0.580 Thread 0x0000015f8df69b00 Thread added: 0x0000015f8df69b00
Event: 0.706 Thread 0x0000015f8dd5f770 Thread added: 0x0000015f8dd5f770
Event: 0.934 Thread 0x0000015f8dd5fe00 Thread added: 0x0000015f8dd5fe00
Event: 1.171 Thread 0x0000015f8df69b00 Thread exited: 0x0000015f8df69b00
Event: 3.449 Thread 0x0000015f8e6d4d80 Thread added: 0x0000015f8e6d4d80
Event: 3.794 Thread 0x0000015f8e6d4d80 Thread exited: 0x0000015f8e6d4d80
Event: 14.147 Thread 0x0000015f8dd5f0e0 Thread added: 0x0000015f8dd5f0e0
Event: 14.148 Thread 0x0000015f8dd5c980 Thread added: 0x0000015f8dd5c980
Event: 14.148 Thread 0x0000015f8dd5d010 Thread added: 0x0000015f8dd5d010
Event: 14.148 Thread 0x0000015f8dd5d010 Thread exited: 0x0000015f8dd5d010
Event: 14.148 Thread 0x0000015f8dd5c980 Thread exited: 0x0000015f8dd5c980
Event: 14.148 Thread 0x0000015f472dc870 Thread exited: 0x0000015f472dc870


Dynamic libraries:
0x00007ff63c970000 - 0x00007ff63c980000 	C:\Program Files\Java\jdk-21\bin\java.exe
0x00007ff9f9d30000 - 0x00007ff9f9f28000 	C:\Windows\SYSTEM32\ntdll.dll
0x00007ff9f8c20000 - 0x00007ff9f8ce2000 	C:\Windows\System32\KERNEL32.DLL
0x00007ff9f7630000 - 0x00007ff9f7926000 	C:\Windows\System32\KERNELBASE.dll
0x00007ff9f7400000 - 0x00007ff9f7500000 	C:\Windows\System32\ucrtbase.dll
0x00007ff9f26b0000 - 0x00007ff9f26cb000 	C:\Program Files\Java\jdk-21\bin\VCRUNTIME140.dll
0x00007ff9f0120000 - 0x00007ff9f0139000 	C:\Program Files\Java\jdk-21\bin\jli.dll
0x00007ff9f8070000 - 0x00007ff9f8121000 	C:\Windows\System32\ADVAPI32.dll
0x00007ff9f7f40000 - 0x00007ff9f7fde000 	C:\Windows\System32\msvcrt.dll
0x00007ff9f8510000 - 0x00007ff9f85af000 	C:\Windows\System32\sechost.dll
0x00007ff9f8310000 - 0x00007ff9f8430000 	C:\Windows\System32\RPCRT4.dll
0x00007ff9f7930000 - 0x00007ff9f7957000 	C:\Windows\System32\bcrypt.dll
0x00007ff9f9aa0000 - 0x00007ff9f9c3d000 	C:\Windows\System32\USER32.dll
0x00007ff9ec350000 - 0x00007ff9ec5eb000 	C:\Windows\WinSxS\amd64_microsoft.windows.common-controls_6595b64144ccf1df_6.0.19041.6280_none_60bc30a171f2f3f3\COMCTL32.dll
0x00007ff9f73d0000 - 0x00007ff9f73f2000 	C:\Windows\System32\win32u.dll
0x00007ff9f7fe0000 - 0x00007ff9f800b000 	C:\Windows\System32\GDI32.dll
0x00007ff9f7ae0000 - 0x00007ff9f7bf9000 	C:\Windows\System32\gdi32full.dll
0x00007ff9f79f0000 - 0x00007ff9f7a8d000 	C:\Windows\System32\msvcp_win.dll
0x00007ff9f4770000 - 0x00007ff9f477a000 	C:\Windows\SYSTEM32\VERSION.dll
0x00007ff9f7f00000 - 0x00007ff9f7f2f000 	C:\Windows\System32\IMM32.DLL
0x00007ff9f2d90000 - 0x00007ff9f2d9c000 	C:\Program Files\Java\jdk-21\bin\vcruntime140_1.dll
0x00007ff9ec9d0000 - 0x00007ff9eca5e000 	C:\Program Files\Java\jdk-21\bin\msvcp140.dll
0x00007ff95f2d0000 - 0x00007ff95ffe5000 	C:\Program Files\Java\jdk-21\bin\server\jvm.dll
0x00007ff9f9050000 - 0x00007ff9f90bb000 	C:\Windows\System32\WS2_32.dll
0x00007ff9f6910000 - 0x00007ff9f695b000 	C:\Windows\SYSTEM32\POWRPROF.dll
0x00007ff9f0400000 - 0x00007ff9f0427000 	C:\Windows\SYSTEM32\WINMM.dll
0x00007ff9f67d0000 - 0x00007ff9f67e2000 	C:\Windows\SYSTEM32\UMPDC.dll
0x00007ff9f5270000 - 0x00007ff9f5282000 	C:\Windows\SYSTEM32\kernel.appcore.dll
0x00007ff9f11f0000 - 0x00007ff9f11fa000 	C:\Program Files\Java\jdk-21\bin\jimage.dll
0x00007ff9e70f0000 - 0x00007ff9e72f1000 	C:\Windows\SYSTEM32\DBGHELP.DLL
0x00007ff9e6550000 - 0x00007ff9e6584000 	C:\Windows\SYSTEM32\dbgcore.DLL
0x00007ff9f7960000 - 0x00007ff9f79e2000 	C:\Windows\System32\bcryptPrimitives.dll
0x00007ff9f4350000 - 0x00007ff9f435f000 	C:\Program Files\Java\jdk-21\bin\instrument.dll
0x00007ff9f0100000 - 0x00007ff9f011f000 	C:\Program Files\Java\jdk-21\bin\java.dll
0x00007ff9f90d0000 - 0x00007ff9f9840000 	C:\Windows\System32\SHELL32.dll
0x00007ff9f5470000 - 0x00007ff9f5c15000 	C:\Windows\SYSTEM32\windows.storage.dll
0x00007ff9f8cf0000 - 0x00007ff9f9043000 	C:\Windows\System32\combase.dll
0x00007ff9f6e00000 - 0x00007ff9f6e2b000 	C:\Windows\SYSTEM32\Wldp.dll
0x00007ff9f85b0000 - 0x00007ff9f867d000 	C:\Windows\System32\OLEAUT32.dll
0x00007ff9f9c40000 - 0x00007ff9f9ced000 	C:\Windows\System32\SHCORE.dll
0x00007ff9f7ea0000 - 0x00007ff9f7efb000 	C:\Windows\System32\shlwapi.dll
0x00007ff9f7300000 - 0x00007ff9f7324000 	C:\Windows\SYSTEM32\profapi.dll
0x00007ff9d8370000 - 0x00007ff9d8447000 	C:\Program Files\Java\jdk-21\bin\jsvml.dll
0x00007ff9f1170000 - 0x00007ff9f1180000 	C:\Program Files\Java\jdk-21\bin\net.dll
0x00007ff9f01f0000 - 0x00007ff9f02fa000 	C:\Windows\SYSTEM32\WINHTTP.dll
0x00007ff9f6b60000 - 0x00007ff9f6bca000 	C:\Windows\system32\mswsock.dll
0x00007ff9ee7b0000 - 0x00007ff9ee7c6000 	C:\Program Files\Java\jdk-21\bin\nio.dll
0x00007ff9edd30000 - 0x00007ff9edd48000 	C:\Program Files\Java\jdk-21\bin\zip.dll
0x00007ff9f4310000 - 0x00007ff9f432a000 	C:\Program Files\JetBrains\IntelliJ IDEA Community Edition 2023.3.1\bin\breakgen64.dll
0x0000015f25d70000 - 0x0000015f25d73000 	C:\Users\danik\.openjfx\cache\21+31\amd64\api-ms-win-core-console-l1-1-0.dll
0x0000015f25d80000 - 0x0000015f25d83000 	C:\Users\danik\.openjfx\cache\21+31\amd64\api-ms-win-core-console-l1-2-0.dll
0x0000015f25d90000 - 0x0000015f25d93000 	C:\Users\danik\.openjfx\cache\21+31\amd64\api-ms-win-core-datetime-l1-1-0.dll
0x0000015f25da0000 - 0x0000015f25da3000 	C:\Users\danik\.openjfx\cache\21+31\amd64\api-ms-win-core-debug-l1-1-0.dll
0x0000015f25db0000 - 0x0000015f25db3000 	C:\Users\danik\.openjfx\cache\21+31\amd64\api-ms-win-core-errorhandling-l1-1-0.dll
0x0000015f27d40000 - 0x0000015f27d44000 	C:\Users\danik\.openjfx\cache\21+31\amd64\api-ms-win-core-file-l1-1-0.dll
0x0000015f27d50000 - 0x0000015f27d53000 	C:\Users\danik\.openjfx\cache\21+31\amd64\api-ms-win-core-file-l1-2-0.dll
0x0000015f27d60000 - 0x0000015f27d63000 	C:\Users\danik\.openjfx\cache\21+31\amd64\api-ms-win-core-file-l2-1-0.dll
0x0000015f47a70000 - 0x0000015f47a73000 	C:\Users\danik\.openjfx\cache\21+31\amd64\api-ms-win-core-handle-l1-1-0.dll
0x0000015f47a80000 - 0x0000015f47a83000 	C:\Users\danik\.openjfx\cache\21+31\amd64\api-ms-win-core-heap-l1-1-0.dll
0x0000015f47a90000 - 0x0000015f47a93000 	C:\Users\danik\.openjfx\cache\21+31\amd64\api-ms-win-core-interlocked-l1-1-0.dll
0x0000015f47aa0000 - 0x0000015f47aa3000 	C:\Users\danik\.openjfx\cache\21+31\amd64\api-ms-win-core-libraryloader-l1-1-0.dll
0x0000015f47ab0000 - 0x0000015f47ab3000 	C:\Users\danik\.openjfx\cache\21+31\amd64\api-ms-win-core-localization-l1-2-0.dll
0x0000015f47ac0000 - 0x0000015f47ac3000 	C:\Users\danik\.openjfx\cache\21+31\amd64\api-ms-win-core-memory-l1-1-0.dll
0x0000015f47950000 - 0x0000015f47953000 	C:\Users\danik\.openjfx\cache\21+31\amd64\api-ms-win-core-namedpipe-l1-1-0.dll
0x0000015f47960000 - 0x0000015f47963000 	C:\Users\danik\.openjfx\cache\21+31\amd64\api-ms-win-core-processenvironment-l1-1-0.dll
0x0000015f47970000 - 0x0000015f47973000 	C:\Users\danik\.openjfx\cache\21+31\amd64\api-ms-win-core-processthreads-l1-1-0.dll
0x0000015f47980000 - 0x0000015f47983000 	C:\Users\danik\.openjfx\cache\21+31\amd64\api-ms-win-core-processthreads-l1-1-1.dll
0x0000015f47990000 - 0x0000015f47993000 	C:\Users\danik\.openjfx\cache\21+31\amd64\api-ms-win-core-profile-l1-1-0.dll
0x0000015f479a0000 - 0x0000015f479a3000 	C:\Users\danik\.openjfx\cache\21+31\amd64\api-ms-win-core-rtlsupport-l1-1-0.dll
0x0000015f479b0000 - 0x0000015f479b3000 	C:\Users\danik\.openjfx\cache\21+31\amd64\api-ms-win-core-string-l1-1-0.dll
0x0000015f479c0000 - 0x0000015f479c3000 	C:\Users\danik\.openjfx\cache\21+31\amd64\api-ms-win-core-synch-l1-1-0.dll
0x0000015f479d0000 - 0x0000015f479d3000 	C:\Users\danik\.openjfx\cache\21+31\amd64\api-ms-win-core-synch-l1-2-0.dll
0x0000015f479e0000 - 0x0000015f479e3000 	C:\Users\danik\.openjfx\cache\21+31\amd64\api-ms-win-core-sysinfo-l1-1-0.dll
0x0000015f479f0000 - 0x0000015f479f3000 	C:\Users\danik\.openjfx\cache\21+31\amd64\api-ms-win-core-timezone-l1-1-0.dll
0x0000015f47a00000 - 0x0000015f47a03000 	C:\Users\danik\.openjfx\cache\21+31\amd64\api-ms-win-core-util-l1-1-0.dll
0x0000015f47a10000 - 0x0000015f47a13000 	C:\Users\danik\.openjfx\cache\21+31\amd64\api-ms-win-crt-conio-l1-1-0.dll
0x0000015f47830000 - 0x0000015f47834000 	C:\Users\danik\.openjfx\cache\21+31\amd64\api-ms-win-crt-convert-l1-1-0.dll
0x0000015f47840000 - 0x0000015f47843000 	C:\Users\danik\.openjfx\cache\21+31\amd64\api-ms-win-crt-environment-l1-1-0.dll
0x0000015f47850000 - 0x0000015f47853000 	C:\Users\danik\.openjfx\cache\21+31\amd64\api-ms-win-crt-filesystem-l1-1-0.dll
0x0000015f47860000 - 0x0000015f47863000 	C:\Users\danik\.openjfx\cache\21+31\amd64\api-ms-win-crt-heap-l1-1-0.dll
0x0000015f47870000 - 0x0000015f47873000 	C:\Users\danik\.openjfx\cache\21+31\amd64\api-ms-win-crt-locale-l1-1-0.dll
0x0000015f47880000 - 0x0000015f47885000 	C:\Users\danik\.openjfx\cache\21+31\amd64\api-ms-win-crt-math-l1-1-0.dll
0x0000015f47890000 - 0x0000015f47895000 	C:\Users\danik\.openjfx\cache\21+31\amd64\api-ms-win-crt-multibyte-l1-1-0.dll
0x0000015f478a0000 - 0x0000015f478b0000 	C:\Users\danik\.openjfx\cache\21+31\amd64\api-ms-win-crt-private-l1-1-0.dll
0x0000015f478b0000 - 0x0000015f478b3000 	C:\Users\danik\.openjfx\cache\21+31\amd64\api-ms-win-crt-process-l1-1-0.dll
0x0000015f478c0000 - 0x0000015f478c4000 	C:\Users\danik\.openjfx\cache\21+31\amd64\api-ms-win-crt-runtime-l1-1-0.dll
0x0000015f478d0000 - 0x0000015f478d4000 	C:\Users\danik\.openjfx\cache\21+31\amd64\api-ms-win-crt-stdio-l1-1-0.dll
0x0000015f478e0000 - 0x0000015f478e4000 	C:\Users\danik\.openjfx\cache\21+31\amd64\api-ms-win-crt-string-l1-1-0.dll
0x0000015f478f0000 - 0x0000015f478f3000 	C:\Users\danik\.openjfx\cache\21+31\amd64\api-ms-win-crt-time-l1-1-0.dll
0x0000015f47900000 - 0x0000015f47903000 	C:\Users\danik\.openjfx\cache\21+31\amd64\api-ms-win-crt-utility-l1-1-0.dll
0x00007ff9ed560000 - 0x00007ff9ed65c000 	C:\Users\danik\.openjfx\cache\21+31\amd64\ucrtbase.dll
0x00007ff9f11d0000 - 0x00007ff9f11eb000 	C:\Users\danik\.openjfx\cache\21+31\amd64\vcruntime140.dll
0x00007ff9eddd0000 - 0x00007ff9edddc000 	C:\Users\danik\.openjfx\cache\21+31\amd64\vcruntime140_1.dll
0x00007ff9edb10000 - 0x00007ff9edb9e000 	C:\Users\danik\.openjfx\cache\21+31\amd64\msvcp140.dll
0x00007ff9f8680000 - 0x00007ff9f87ab000 	C:\Windows\System32\ole32.dll
0x00007ff9eddc0000 - 0x00007ff9eddc9000 	C:\Users\danik\.openjfx\cache\21+31\amd64\msvcp140_1.dll
0x00007ff9edd90000 - 0x00007ff9eddbf000 	C:\Users\danik\.openjfx\cache\21+31\amd64\msvcp140_2.dll
0x00007ff9edd60000 - 0x00007ff9edd8f000 	C:\Users\danik\.openjfx\cache\21+31\amd64\prism_d3d.dll
0x00007ff9a0360000 - 0x00007ff9a0531000 	C:\Windows\system32\d3d9.dll
0x00007ff9f4e70000 - 0x00007ff9f4e9e000 	C:\Windows\SYSTEM32\dwmapi.dll
0x00007ff9f4d30000 - 0x00007ff9f4dce000 	C:\Windows\system32\uxtheme.dll
0x00007ff9efc60000 - 0x00007ff9efd21000 	C:\Windows\System32\DriverStore\FileRepository\nv_dispig.inf_amd64_0afec3f2050014a0\nvldumdx.dll
0x00007ff9f6f90000 - 0x00007ff9f6fa2000 	C:\Windows\SYSTEM32\msasn1.dll
0x00007ff9f3fa0000 - 0x00007ff9f3fd1000 	C:\Windows\SYSTEM32\cryptnet.dll
0x00007ff9f7c00000 - 0x00007ff9f7d5d000 	C:\Windows\System32\CRYPT32.dll
0x00007ff9f6d70000 - 0x00007ff9f6d7c000 	C:\Windows\SYSTEM32\cryptbase.dll
0x00007ff9f2b40000 - 0x00007ff9f2c87000 	C:\Windows\SYSTEM32\drvstore.dll
0x00007ff9f7160000 - 0x00007ff9f7193000 	C:\Windows\SYSTEM32\devobj.dll
0x00007ff9f7a90000 - 0x00007ff9f7ade000 	C:\Windows\System32\cfgmgr32.dll
0x00007ff9f7500000 - 0x00007ff9f7573000 	C:\Windows\System32\wintrust.dll
0x00007ff9f8130000 - 0x00007ff9f814d000 	C:\Windows\System32\imagehlp.dll
0x00007ff9f6d50000 - 0x00007ff9f6d68000 	C:\Windows\SYSTEM32\CRYPTSP.dll
0x00007ff9f6410000 - 0x00007ff9f6448000 	C:\Windows\system32\rsaenh.dll
0x00007ff9c7250000 - 0x00007ff9c923e000 	C:\Windows\System32\DriverStore\FileRepository\nv_dispig.inf_amd64_0afec3f2050014a0\nvgpucomp64.dll
0x00007ff971b10000 - 0x00007ff9735a4000 	C:\Windows\System32\DriverStore\FileRepository\nv_dispig.inf_amd64_0afec3f2050014a0\nvd3dumx.dll
0x00007ff9ed340000 - 0x00007ff9ed382000 	C:\Users\danik\.openjfx\cache\21+31\amd64\glass.dll
0x00007ff9f7d60000 - 0x00007ff9f7e3a000 	C:\Windows\System32\COMDLG32.dll
0x00007ff9f9980000 - 0x00007ff9f9a95000 	C:\Windows\System32\MSCTF.dll
0x00007ff9f5c30000 - 0x00007ff9f5c53000 	C:\Windows\SYSTEM32\gpapi.dll
0x00007ff99b570000 - 0x00007ff99b6c5000 	C:\Windows\System32\DriverStore\FileRepository\nv_dispig.inf_amd64_0afec3f2050014a0\nvppex.dll
0x00007ff9f3ef0000 - 0x00007ff9f3f2b000 	C:\Windows\SYSTEM32\dxcore.dll
0x00007ff9eda90000 - 0x00007ff9edaa4000 	C:\Users\danik\.openjfx\cache\21+31\amd64\javafx_font.dll
0x00007ff9e9700000 - 0x00007ff9e997f000 	C:\Windows\SYSTEM32\dwrite.dll
0x00007ff9f98d0000 - 0x00007ff9f9979000 	C:\Windows\System32\clbcatq.dll
0x00007ff9f4a90000 - 0x00007ff9f4c46000 	C:\Windows\SYSTEM32\WindowsCodecs.dll
0x00007ff9deb40000 - 0x00007ff9deb7e000 	C:\Windows\system32\dataexchange.dll
0x00007ff9f35a0000 - 0x00007ff9f3784000 	C:\Windows\system32\dcomp.dll
0x00007ff9ef650000 - 0x00007ff9ef8b4000 	C:\Windows\system32\d3d11.dll

dbghelp: loaded successfully - version: 4.0.5 - missing functions: none
symbol engine: initialized successfully - sym options: 0x614 - pdb path: .;C:\Program Files\Java\jdk-21\bin;C:\Windows\SYSTEM32;C:\Windows\WinSxS\amd64_microsoft.windows.common-controls_6595b64144ccf1df_6.0.19041.6280_none_60bc30a171f2f3f3;C:\Program Files\Java\jdk-21\bin\server;C:\Program Files\JetBrains\IntelliJ IDEA Community Edition 2023.3.1\bin;C:\Users\danik\.openjfx\cache\21+31\amd64;C:\Windows\System32\DriverStore\FileRepository\nv_dispig.inf_amd64_0afec3f2050014a0;C:\Program Files\Common Files\Microsoft Shared\Ink

VM Arguments:
jvm_args: -javaagent:C:\Program Files\JetBrains\IntelliJ IDEA Community Edition 2023.3.1\lib\idea_rt.jar=57735:C:\Program Files\JetBrains\IntelliJ IDEA Community Edition 2023.3.1\bin -Dfile.encoding=UTF-8 -Dsun.stdout.encoding=UTF-8 -Dsun.stderr.encoding=UTF-8 --module-path=C:\Users\danik\.m2\repository\org\openjfx\javafx-graphics\21\javafx-graphics-21-win.jar;C:\Users\danik\.m2\repository\org\openjfx\javafx-controls\21\javafx-controls-21-win.jar;C:\Users\danik\.m2\repository\org\openjfx\javafx-fxml\21\javafx-fxml-21-win.jar;C:\Users\danik\.m2\repository\org\openjfx\javafx-base\21\javafx-base-21-win.jar;D:\Java\GymManager\target\classes -Djdk.module.main=com.example.gymmanager 
java_command: com.example.gymmanager/com.example.gymmanager.HelloApplication
java_class_path (initial): C:\Users\danik\.m2\repository\org\openjfx\javafx-controls\21\javafx-controls-21.jar;C:\Users\danik\.m2\repository\org\openjfx\javafx-graphics\21\javafx-graphics-21.jar;C:\Users\danik\.m2\repository\org\openjfx\javafx-base\21\javafx-base-21.jar;C:\Users\danik\.m2\repository\org\openjfx\javafx-fxml\21\javafx-fxml-21.jar
Launcher Type: SUN_STANDARD

[Global flags]
     intx CICompilerCount                          = 4                                         {product} {ergonomic}
     uint ConcGCThreads                            = 3                                         {product} {ergonomic}
     uint G1ConcRefinementThreads                  = 10                                        {product} {ergonomic}
   size_t G1HeapRegionSize                         = 2097152                                   {product} {ergonomic}
    uintx GCDrainStackTargetSize                   = 64                                        {product} {ergonomic}
   size_t InitialHeapSize                          = 266338304                                 {product} {ergonomic}
   size_t MarkStackSize                            = 4194304                                   {product} {ergonomic}
   size_t MaxHeapSize                              = 4242538496                                {product} {ergonomic}
   size_t MaxNewSize                               = 2543845376                                {product} {ergonomic}
   size_t MinHeapDeltaBytes                        = 2097152                                   {product} {ergonomic}
   size_t MinHeapSize                              = 8388608                                   {product} {ergonomic}
    uintx NonNMethodCodeHeapSize                   = 5839372                                {pd product} {ergonomic}
    uintx NonProfiledCodeHeapSize                  = 122909434                              {pd product} {ergonomic}
    uintx ProfiledCodeHeapSize                     = 122909434                              {pd product} {ergonomic}
    uintx ReservedCodeCacheSize                    = 251658240                              {pd product} {ergonomic}
     bool SegmentedCodeCache                       = true                                      {product} {ergonomic}
   size_t SoftMaxHeapSize                          = 4242538496                             {manageable} {ergonomic}
     bool UseCompressedOops                        = true                           {product lp64_product} {ergonomic}
     bool UseG1GC                                  = true                                      {product} {ergonomic}
     bool UseLargePagesIndividualAllocation        = false                                  {pd product} {ergonomic}

Logging:
Log output configuration:
 #0: stdout all=off uptime,level,tags foldmultilines=false
 #1: stderr all=off uptime,level,tags foldmultilines=false

Environment Variables:
PATH=C:\Program Files (x86)\NVIDIA Corporation\PhysX\Common;C:\Program Files\Common Files\Oracle\Java\javapath;C:\Program Files (x86)\Common Files\Oracle\Java\javapath;C:\Windows\system32;C:\Windows;C:\Windows\System32\Wbem;C:\Windows\System32\WindowsPowerShell\v1.0\;C:\Windows\System32\OpenSSH\;C:\Program Files\MySQL\MySQL Server 8.0\bin;C:\Users\danik\AppData\Local\Programs\Python\Python38\Scripts\;C:\Users\danik\AppData\Local\Programs\Python\Python38\;C:\Users\danik\AppData\Local\Programs\Python\Python312\Scripts\;C:\Users\danik\AppData\Local\Programs\Python\Python312\;C:\Users\danik\AppData\Local\Programs\Python\Launcher\;C:\Program Files\MySQL\MySQL Shell 8.0\bin\;C:\Users\danik\AppData\Local\Microsoft\WindowsApps;;C:\Users\danik\AppData\Local\Programs\Microsoft VS Code\bin;C:\Program Files\JetBrains\PyCharm Community Edition 2024.1.4\bin;
USERNAME=danik
OS=Windows_NT
PROCESSOR_IDENTIFIER=AMD64 Family 25 Model 80 Stepping 0, AuthenticAMD
TMP=C:\Users\danik\AppData\Local\Temp
TEMP=C:\Users\danik\AppData\Local\Temp




Periodic native trim disabled

---------------  S Y S T E M  ---------------

OS:
 Windows 10 , 64 bit Build 19041 (10.0.19041.5915)
OS uptime: 11 days 21:21 hours

CPU: total 12 (initial active 12) (12 cores per cpu, 2 threads per core) family 25 model 80 stepping 0 microcode 0x0, cx8, cmov, fxsr, ht, mmx, 3dnowpref, sse, sse2, sse3, ssse3, sse4a, sse4.1, sse4.2, popcnt, lzcnt, tsc, tscinvbit, avx, avx2, aes, erms, clmul, bmi1, bmi2, adx, sha, fma, vzeroupper, clflush, clflushopt, rdtscp, rdpid, fsrm, f16c, pku, cet_ss
Processor Information for all 12 processors :
  Max Mhz: 3600, Current Mhz: 3600, Mhz Limit: 3600

Memory: 4k page, system-wide physical 16176M (5925M free)
TotalPageFile size 22087M (AvailPageFile size 7077M)
current process WorkingSet (physical memory assigned to process): 148M, peak: 160M
current process commit charge ("private bytes"): 424M, peak: 438M

vm_info: Java HotSpot(TM) 64-Bit Server VM (21.0.1+12-LTS-29) for windows-amd64 JRE (21.0.1+12-LTS-29), built on 2023-10-05T13:27:09Z by "mach5one" with MS VC++ 17.1 (VS2022)

END.
