#
# A fatal error has been detected by the Java Runtime Environment:
#
#  EXCEPTION_ACCESS_VIOLATION (0xc0000005) at pc=0x00007ff9ed366587, pid=8680, tid=17496
#
# JRE version: Java(TM) SE Runtime Environment (21.0.1+12) (build 21.0.1+12-LTS-29)
# Java VM: Java HotSpot(TM) 64-Bit Server VM (21.0.1+12-LTS-29, mixed mode, sharing, tiered, compressed oops, compressed class ptrs, g1 gc, windows-amd64)
# Problematic frame:
# C  [glass.dll+0x26587]
#
# No core dump will be written. Minidumps are not enabled by default on client versions of Windows
#
# If you would like to submit a bug report, please visit:
#   https://bugreport.java.com/bugreport/crash.jsp
#

---------------  S U M M A R Y ------------

Command Line: -javaagent:C:\Program Files\JetBrains\IntelliJ IDEA Community Edition 2023.3.1\lib\idea_rt.jar=57743:C:\Program Files\JetBrains\IntelliJ IDEA Community Edition 2023.3.1\bin -Dfile.encoding=UTF-8 -Dsun.stdout.encoding=UTF-8 -Dsun.stderr.encoding=UTF-8 --module-path=C:\Users\danik\.m2\repository\org\openjfx\javafx-graphics\21\javafx-graphics-21-win.jar;C:\Users\danik\.m2\repository\org\openjfx\javafx-controls\21\javafx-controls-21-win.jar;C:\Users\danik\.m2\repository\org\openjfx\javafx-fxml\21\javafx-fxml-21-win.jar;C:\Users\danik\.m2\repository\org\openjfx\javafx-base\21\javafx-base-21-win.jar;D:\Java\GymManager\target\classes -Djdk.module.main=com.example.gymmanager com.example.gymmanager/com.example.gymmanager.HelloApplication

Host: AMD Ryzen 5 5500                               , 12 cores, 15G,  Windows 10 , 64 bit Build 19041 (10.0.19041.5915)
Time: Sun Oct 12 17:15:26 2025  Windows 10 , 64 bit Build 19041 (10.0.19041.5915) elapsed time: 262.036626 seconds (0d 0h 4m 22s)

---------------  T H R E A D  ---------------

Current thread (0x00000258ceefb9b0):  VMThread "VM Thread"          [id=17496, stack(0x000000911d800000,0x000000911d900000) (1024K)]

Stack: [0x000000911d800000,0x000000911d900000],  sp=0x000000911d8febf0,  free space=1018k
Native frames: (J=compiled Java code, j=interpreted, Vv=VM code, C=native code)
C  [glass.dll+0x26587]


siginfo: EXCEPTION_ACCESS_VIOLATION (0xc0000005), reading address 0x0000000000000000


Registers:
RAX=0x0000000000000000, RBX=0x00000258cef07c62, RCX=0x00000258ceefb9b0, RDX=0x000000911d8febf0
RSP=0x000000911d8febf0, RBP=0x0000025914de1888, RSI=0x0000025914de1860, RDI=0x00006a30385feaf2
R8 =0x0000000000010002, R9 =0x00006a30385feaf2, R10=0x0000000000008000, R11=0x000000911d8feb80
R12=0x00007ff9ed363ed0, R13=0x00007ff95ff31fa0, R14=0x000000911d8fece8, R15=0x0000025914de1860
RIP=0x00007ff9ed366587, EFLAGS=0x0000000000010206


Register to memory mapping:

RAX=0x0 is null
RBX=0x00000258cef07c62 is a global jni handle
RCX=0x00000258ceefb9b0 points into unknown readable memory: 0x00007ff95fd43f88 | 88 3f d4 5f f9 7f 00 00
RDX=0x000000911d8febf0 points into unknown readable memory: 0x0000000000000000 | 00 00 00 00 00 00 00 00
RSP=0x000000911d8febf0 points into unknown readable memory: 0x0000000000000000 | 00 00 00 00 00 00 00 00
RBP=0x0000025914de1888 points into unknown readable memory: 0x00006a30385feaf2 | f2 ea 5f 38 30 6a 00 00
RSI=0x0000025914de1860 points into unknown readable memory: 0xe7a06a31c7b85e2a | 2a 5e b8 c7 31 6a a0 e7
RDI=0x00006a30385feaf2 is an unknown value
R8 =0x0000000000010002 is an unknown value
R9 =0x00006a30385feaf2 is an unknown value
R10=0x0000000000008000 is an unknown value
R11=0x000000911d8feb80 points into unknown readable memory: 0x0000025914de1860 | 60 18 de 14 59 02 00 00
R12=0x00007ff9ed363ed0 glass.dll
R13=0x00007ff95ff31fa0 jvm.dll
R14=0x000000911d8fece8 points into unknown readable memory: 0x000000911d8fecd0 | d0 ec 8f 1d 91 00 00 00
R15=0x0000025914de1860 points into unknown readable memory: 0xe7a06a31c7b85e2a | 2a 5e b8 c7 31 6a a0 e7

Top of Stack: (sp=0x000000911d8febf0)
0x000000911d8febf0:   0000000000000000 0000025914de1860
0x000000911d8fec00:   00007ff95ff31fa0 00007ff9ed363ed0
0x000000911d8fec10:   0000025914de1868 00007ff9f74142d6
0x000000911d8fec20:   00006a30385feaf2 0000025900000000
0x000000911d8fec30:   0000025914de1888 0000025914de1860
0x000000911d8fec40:   fffffffffffffffe 0000000000000000
0x000000911d8fec50:   0000000000000001 00007ff9ed340000
0x000000911d8fec60:   000000911d8fecd8 00007ff9f74141fb
0x000000911d8fec70:   0000000000000000 000000911d8fece8
0x000000911d8fec80:   000000911d8fefc0 00007ff9f74f0e40
0x000000911d8fec90:   0000000000000001 00007ff9f74141b4
0x000000911d8feca0:   0000000000000000 0000000000000001
0x000000911d8fecb0:   00007ff900000001 000000911d8fecd8
0x000000911d8fecc0:   0000000000000000 00007ff9ed363d5d
0x000000911d8fecd0:   00007ff9ed37a008 00007ff900000002
0x000000911d8fece0:   00007ff900000002 000000911d8fecd0
0x000000911d8fecf0:   0000000000000000 00007ff9f9d49993
0x000000911d8fed00:   0000000000000000 00007ff9ed363e82
0x000000911d8fed10:   0000000000000001 0000000000000000
0x000000911d8fed20:   00000000000000bc 00007ff9f74f0e40
0x000000911d8fed30:   00007ff99b5c0f14 0000000000000000
0x000000911d8fed40:   0000000000000001 00007ff99b5c06bc
0x000000911d8fed50:   00007ff9ed340000 000000007ffe0384
0x000000911d8fed60:   0000000000000000 00007ff9f9d49a1d
0x000000911d8fed70:   00007ff9ed340000 0000000000000000
0x000000911d8fed80:   0000000000000001 000000007ffe0385
0x000000911d8fed90:   0000000000000000 00007ff9f9d8f331
0x000000911d8feda0:   0000250607dc6f00 0000000000000014
0x000000911d8fedb0:   00007ff9ed363ed0 0000000000000000
0x000000911d8fedc0:   0000000000000000 000000911cdfb000
0x000000911d8fedd0:   00000259152ba6d0 00007ff9f9d8f1ca
0x000000911d8fede0:   00000259152bb030 00007ff9ed340000 

Instructions: (pc=0x00007ff9ed366587)
0x00007ff9ed366487:   8b 4d 58 e8 8d cf ff ff 48 8b 4d 60 e8 84 cf ff
0x00007ff9ed366497:   ff 48 8b 95 80 00 00 00 48 8b 8d 18 01 00 00 e8
0x00007ff9ed3664a7:   76 c4 ff ff 33 d2 33 c9 e8 cc e1 ff ff 90 48 89
0x00007ff9ed3664b7:   54 24 10 55 48 83 ec 20 48 8b ea 48 b8 00 00 00
0x00007ff9ed3664c7:   00 00 00 00 00 48 83 c4 20 5d c3 cc 40 55 48 8b
0x00007ff9ed3664d7:   ea 48 8b 01 33 c9 81 38 05 00 00 c0 0f 94 c1 8b
0x00007ff9ed3664e7:   c1 5d c3 cc 40 55 48 83 ec 20 48 8b ea 8a 4d 40
0x00007ff9ed3664f7:   48 83 c4 20 5d e9 73 d3 ff ff cc 40 55 48 83 ec
0x00007ff9ed366507:   20 48 8b ea 8a 4d 20 e8 61 d3 ff ff 90 48 83 c4
0x00007ff9ed366517:   20 5d c3 cc 40 55 48 83 ec 20 48 8b ea 48 83 c4
0x00007ff9ed366527:   20 5d e9 c2 d1 ff ff cc 40 55 48 83 ec 30 48 8b
0x00007ff9ed366537:   ea 48 8b 01 8b 10 48 89 4c 24 28 89 54 24 20 4c
0x00007ff9ed366547:   8d 0d 63 d6 ff ff 4c 8b 45 70 8b 55 68 48 8b 4d
0x00007ff9ed366557:   60 e8 03 d1 ff ff 90 48 83 c4 30 5d c3 cc cc cc
0x00007ff9ed366567:   cc cc cc cc cc cc cc cc cc 40 53 48 83 ec 20 48
0x00007ff9ed366577:   8b 1d 8b 34 01 00 48 85 db 74 16 e8 89 8f ff ff
0x00007ff9ed366587:   4c 8b 00 48 8b d3 48 8b c8 41 ff 90 b0 00 00 00
0x00007ff9ed366597:   90 48 83 c4 20 5b c3 cc cc 40 53 48 83 ec 20 48
0x00007ff9ed3665a7:   8b 1d fb 35 01 00 48 85 db 74 57 b8 ff ff ff ff
0x00007ff9ed3665b7:   f0 0f c1 43 10 83 f8 01 75 3d 48 85 db 74 38 48
0x00007ff9ed3665c7:   8b 0b 48 85 c9 74 0d ff 15 d4 0c 00 00 48 c7 03
0x00007ff9ed3665d7:   00 00 00 00 48 8b 4b 08 48 85 c9 74 0d e8 33 ce
0x00007ff9ed3665e7:   ff ff 48 c7 43 08 00 00 00 00 ba 18 00 00 00 48
0x00007ff9ed3665f7:   8b cb e8 1e ce ff ff 48 c7 05 9f 35 01 00 00 00
0x00007ff9ed366607:   00 00 48 83 c4 20 5b c3 cc 40 53 48 83 ec 20 48
0x00007ff9ed366617:   8b 1d 6b 35 01 00 48 85 db 74 57 b8 ff ff ff ff
0x00007ff9ed366627:   f0 0f c1 43 10 83 f8 01 75 3d 48 85 db 74 38 48
0x00007ff9ed366637:   8b 0b 48 85 c9 74 0d ff 15 64 0c 00 00 48 c7 03
0x00007ff9ed366647:   00 00 00 00 48 8b 4b 08 48 85 c9 74 0d e8 c3 cd
0x00007ff9ed366657:   ff ff 48 c7 43 08 00 00 00 00 ba 18 00 00 00 48
0x00007ff9ed366667:   8b cb e8 ae cd ff ff 48 c7 05 0f 35 01 00 00 00
0x00007ff9ed366677:   00 00 48 83 c4 20 5b c3 cc 40 53 48 83 ec 20 48 


Stack slot to memory mapping:

stack at sp + 0 slots: 0x0 is null
stack at sp + 1 slots: 0x0000025914de1860 points into unknown readable memory: 0xe7a06a31c7b85e2a | 2a 5e b8 c7 31 6a a0 e7
stack at sp + 2 slots: 0x00007ff95ff31fa0 jvm.dll
stack at sp + 3 slots: 0x00007ff9ed363ed0 glass.dll
stack at sp + 4 slots: 0x0000025914de1868 points into unknown readable memory: 0x00006a30385feaf2 | f2 ea 5f 38 30 6a 00 00
stack at sp + 5 slots: 0x00007ff9f74142d6 ucrtbase.dll
stack at sp + 6 slots: 0x00006a30385feaf2 is an unknown value
stack at sp + 7 slots: 0x0000025900000000 is an unknown value

VM_Operation (0x000000911ceff060): Exit, mode: safepoint, requested by thread 0x0000025915a419a0


---------------  P R O C E S S  ---------------

Threads class SMR info:
_java_thread_list=0x000002591d0a5e90, length=19, elements={
0x00000258af9ebfb0, 0x00000258cef1fad0, 0x00000258cef21540, 0x00000258cef22c80,
0x00000258cef236e0, 0x00000258cef24140, 0x00000258cef34a10, 0x00000258cef578d0,
0x00000258ceee4a30, 0x0000025914e943b0, 0x00000259144035f0, 0x0000025914c2fc10,
0x0000025914bc3bd0, 0x00000259152a4900, 0x00000259157a49e0, 0x0000025914259b10,
0x0000025915a42030, 0x0000025915a43a70, 0x0000025915a419a0
}

Java Threads: ( => current thread )
  0x00000258af9ebfb0 JavaThread "main"                              [_thread_blocked, id=15376, stack(0x000000911d100000,0x000000911d200000) (1024K)]
  0x00000258cef1fad0 JavaThread "Reference Handler"          daemon [_thread_blocked, id=4220, stack(0x000000911d900000,0x000000911da00000) (1024K)]
  0x00000258cef21540 JavaThread "Finalizer"                  daemon [_thread_blocked, id=5532, stack(0x000000911da00000,0x000000911db00000) (1024K)]
  0x00000258cef22c80 JavaThread "Attach Listener"            daemon [_thread_blocked, id=11588, stack(0x000000911dc00000,0x000000911dd00000) (1024K)]
  0x00000258cef236e0 JavaThread "Service Thread"             daemon [_thread_blocked, id=19016, stack(0x000000911dd00000,0x000000911de00000) (1024K)]
  0x00000258cef24140 JavaThread "Monitor Deflation Thread"   daemon [_thread_blocked, id=1200, stack(0x000000911de00000,0x000000911df00000) (1024K)]
  0x00000258cef34a10 JavaThread "C2 CompilerThread0"         daemon [_thread_blocked, id=17528, stack(0x000000911df00000,0x000000911e000000) (1024K)]
  0x00000258cef578d0 JavaThread "C1 CompilerThread0"         daemon [_thread_blocked, id=18548, stack(0x000000911e000000,0x000000911e100000) (1024K)]
  0x00000258ceee4a30 JavaThread "Common-Cleaner"             daemon [_thread_blocked, id=11820, stack(0x000000911e100000,0x000000911e200000) (1024K)]
  0x0000025914e943b0 JavaThread "Monitor Ctrl-Break"         daemon [_thread_in_native, id=9316, stack(0x000000911e400000,0x000000911e500000) (1024K)]
  0x00000259144035f0 JavaThread "Notification Thread"        daemon [_thread_blocked, id=15912, stack(0x000000911e500000,0x000000911e600000) (1024K)]
  0x0000025914c2fc10 JavaThread "QuantumRenderer-0"          daemon [_thread_blocked, id=2812, stack(0x000000911e600000,0x000000911e700000) (1024K)]
  0x0000025914bc3bd0 JavaThread "InvokeLaterDispatcher"      daemon [_thread_blocked, id=9140, stack(0x000000911e800000,0x000000911e900000) (1024K)]
  0x00000259152a4900 JavaThread "JavaFX Application Thread"         [_thread_in_native, id=12332, stack(0x000000911e900000,0x000000911ea00000) (1024K)]
  0x00000259157a49e0 JavaThread "JavaFX-Launcher"                   [_thread_blocked, id=3512, stack(0x000000911e300000,0x000000911e400000) (1024K)]
  0x0000025914259b10 JavaThread "Thread-2"                   daemon [_thread_in_native, id=18340, stack(0x000000911e200000,0x000000911e300000) (1024K)]
  0x0000025915a42030 JavaThread "Prism Font Disposer"        daemon [_thread_blocked, id=2968, stack(0x000000911f100000,0x000000911f200000) (1024K)]
  0x0000025915a43a70 JavaThread "Cleaner-0"                  daemon [_thread_blocked, id=7052, stack(0x000000911f900000,0x000000911fa00000) (1024K)]
  0x0000025915a419a0 JavaThread "SIGINT handler"             daemon [_thread_blocked, id=9996, stack(0x000000911ce00000,0x000000911cf00000) (1024K)]
Total: 19

Other Threads:
=>0x00000258ceefb9b0 VMThread "VM Thread"                           [id=17496, stack(0x000000911d800000,0x000000911d900000) (1024K)]
  0x00000258afa54a00 WorkerThread "GC Thread#0"                     [id=16440, stack(0x000000911d200000,0x000000911d300000) (1024K)]
  0x00000258ceefcbd0 WorkerThread "GC Thread#1"                     [id=18532, stack(0x000000911eb00000,0x000000911ec00000) (1024K)]
  0x00000258ceefc490 WorkerThread "GC Thread#2"                     [id=10972, stack(0x000000911ec00000,0x000000911ed00000) (1024K)]
  0x00000258ceefcf70 WorkerThread "GC Thread#3"                     [id=5680, stack(0x000000911ed00000,0x000000911ee00000) (1024K)]
  0x00000258ceefd310 WorkerThread "GC Thread#4"                     [id=6380, stack(0x000000911ee00000,0x000000911ef00000) (1024K)]
  0x00000259157dd210 WorkerThread "GC Thread#5"                     [id=14732, stack(0x000000911ef00000,0x000000911f000000) (1024K)]
  0x00000259157deb70 WorkerThread "GC Thread#6"                     [id=19188, stack(0x000000911f500000,0x000000911f600000) (1024K)]
  0x00000259157dbff0 WorkerThread "GC Thread#7"                     [id=17248, stack(0x000000911f600000,0x000000911f700000) (1024K)]
  0x00000259157dd5b0 WorkerThread "GC Thread#8"                     [id=13752, stack(0x000000911f700000,0x000000911f800000) (1024K)]
  0x00000259157dc390 WorkerThread "GC Thread#9"                     [id=17428, stack(0x000000911f800000,0x000000911f900000) (1024K)]
  0x00000258afa67290 ConcurrentGCThread "G1 Main Marker"            terminated
  0x00000258afa68340 WorkerThread "G1 Conc#0"                       [id=14824, stack(0x000000911d400000,0x000000911d500000) (1024K)]
  0x00000258afabe7d0 ConcurrentGCThread "G1 Refine#0"               terminated
  0x00000258cedb44e0 ConcurrentGCThread "G1 Service"                terminated
Total: 15

Threads with active compile tasks:
Total: 0

VM state: at safepoint (shutting down)

VM Mutex/Monitor currently owned by a thread:  ([mutex/lock_event])
[0x00007ff95ff0a5f8] Threads_lock - owner thread: 0x00000258ceefb9b0
[0x00007ff95ff0a6f8] Heap_lock - owner thread: 0x0000025915a419a0

Heap address: 0x0000000703200000, size: 4046 MB, Compressed Oops mode: Zero based, Oop shift amount: 3

CDS archive(s) mapped at: [0x00000258cf000000-0x00000258cfc90000-0x00000258cfc90000), size 13172736, SharedBaseAddress: 0x00000258cf000000, ArchiveRelocationMode: 1.
Compressed class space mapped at: 0x00000258d0000000-0x0000025910000000, reserved size: 1073741824
Narrow klass base: 0x00000258cf000000, Narrow klass shift: 0, Narrow klass range: 0x100000000

GC Precious Log:
 CardTable entry size: 512
 Card Set container configuration: InlinePtr #cards 4 size 8 Array Of Cards #cards 16 size 48 Howl #buckets 8 coarsen threshold 3686 Howl Bitmap #cards 512 size 80 coarsen threshold 460 Card regions per heap region 1 cards per card region 4096
 CPUs: 12 total, 12 available
 Memory: 16176M
 Large Page Support: Disabled
 NUMA Support: Disabled
 Compressed Oops: Enabled (Zero based)
 Heap Region Size: 2M
 Heap Min Capacity: 8M
 Heap Initial Capacity: 254M
 Heap Max Capacity: 4046M
 Pre-touch: Disabled
 Parallel Workers: 10
 Concurrent Workers: 3
 Concurrent Refinement Workers: 10
 Periodic GC: Disabled

Heap:
 garbage-first heap   total 260096K, used 24856K [0x0000000703200000, 0x0000000800000000)
  region size 2048K, 12 young (24576K), 3 survivors (6144K)
 Metaspace       used 15999K, committed 16320K, reserved 1114112K
  class space    used 2354K, committed 2496K, reserved 1048576K

Heap Regions: E=young(eden), S=young(survivor), O=old, HS=humongous(starts), HC=humongous(continues), CS=collection set, F=free, TAMS=top-at-mark-start, PB=parsable bottom
|   0|0x0000000703200000, 0x00000007032462d0, 0x0000000703400000| 13%| O|  |TAMS 0x0000000703200000| PB 0x0000000703200000| Untracked 
|   1|0x0000000703400000, 0x0000000703600000, 0x0000000703600000|100%|HS|  |TAMS 0x0000000703400000| PB 0x0000000703400000| Complete 
|   2|0x0000000703600000, 0x0000000703600000, 0x0000000703800000|  0%| F|  |TAMS 0x0000000703600000| PB 0x0000000703600000| Untracked 
|   3|0x0000000703800000, 0x0000000703800000, 0x0000000703a00000|  0%| F|  |TAMS 0x0000000703800000| PB 0x0000000703800000| Untracked 
|   4|0x0000000703a00000, 0x0000000703a00000, 0x0000000703c00000|  0%| F|  |TAMS 0x0000000703a00000| PB 0x0000000703a00000| Untracked 
|   5|0x0000000703c00000, 0x0000000703c00000, 0x0000000703e00000|  0%| F|  |TAMS 0x0000000703c00000| PB 0x0000000703c00000| Untracked 
|   6|0x0000000703e00000, 0x0000000703e00000, 0x0000000704000000|  0%| F|  |TAMS 0x0000000703e00000| PB 0x0000000703e00000| Untracked 
|   7|0x0000000704000000, 0x0000000704000000, 0x0000000704200000|  0%| F|  |TAMS 0x0000000704000000| PB 0x0000000704000000| Untracked 
|   8|0x0000000704200000, 0x0000000704200000, 0x0000000704400000|  0%| F|  |TAMS 0x0000000704200000| PB 0x0000000704200000| Untracked 
|   9|0x0000000704400000, 0x0000000704400000, 0x0000000704600000|  0%| F|  |TAMS 0x0000000704400000| PB 0x0000000704400000| Untracked 
|  10|0x0000000704600000, 0x0000000704600000, 0x0000000704800000|  0%| F|  |TAMS 0x0000000704600000| PB 0x0000000704600000| Untracked 
|  11|0x0000000704800000, 0x0000000704800000, 0x0000000704a00000|  0%| F|  |TAMS 0x0000000704800000| PB 0x0000000704800000| Untracked 
|  12|0x0000000704a00000, 0x0000000704a00000, 0x0000000704c00000|  0%| F|  |TAMS 0x0000000704a00000| PB 0x0000000704a00000| Untracked 
|  13|0x0000000704c00000, 0x0000000704c00000, 0x0000000704e00000|  0%| F|  |TAMS 0x0000000704c00000| PB 0x0000000704c00000| Untracked 
|  14|0x0000000704e00000, 0x0000000704e00000, 0x0000000705000000|  0%| F|  |TAMS 0x0000000704e00000| PB 0x0000000704e00000| Untracked 
|  15|0x0000000705000000, 0x0000000705000000, 0x0000000705200000|  0%| F|  |TAMS 0x0000000705000000| PB 0x0000000705000000| Untracked 
|  16|0x0000000705200000, 0x0000000705200000, 0x0000000705400000|  0%| F|  |TAMS 0x0000000705200000| PB 0x0000000705200000| Untracked 
|  17|0x0000000705400000, 0x0000000705400000, 0x0000000705600000|  0%| F|  |TAMS 0x0000000705400000| PB 0x0000000705400000| Untracked 
|  18|0x0000000705600000, 0x0000000705600000, 0x0000000705800000|  0%| F|  |TAMS 0x0000000705600000| PB 0x0000000705600000| Untracked 
|  19|0x0000000705800000, 0x0000000705800000, 0x0000000705a00000|  0%| F|  |TAMS 0x0000000705800000| PB 0x0000000705800000| Untracked 
|  20|0x0000000705a00000, 0x0000000705a00000, 0x0000000705c00000|  0%| F|  |TAMS 0x0000000705a00000| PB 0x0000000705a00000| Untracked 
|  21|0x0000000705c00000, 0x0000000705c00000, 0x0000000705e00000|  0%| F|  |TAMS 0x0000000705c00000| PB 0x0000000705c00000| Untracked 
|  22|0x0000000705e00000, 0x0000000705e00000, 0x0000000706000000|  0%| F|  |TAMS 0x0000000705e00000| PB 0x0000000705e00000| Untracked 
|  23|0x0000000706000000, 0x0000000706000000, 0x0000000706200000|  0%| F|  |TAMS 0x0000000706000000| PB 0x0000000706000000| Untracked 
|  24|0x0000000706200000, 0x0000000706200000, 0x0000000706400000|  0%| F|  |TAMS 0x0000000706200000| PB 0x0000000706200000| Untracked 
|  25|0x0000000706400000, 0x0000000706400000, 0x0000000706600000|  0%| F|  |TAMS 0x0000000706400000| PB 0x0000000706400000| Untracked 
|  26|0x0000000706600000, 0x0000000706600000, 0x0000000706800000|  0%| F|  |TAMS 0x0000000706600000| PB 0x0000000706600000| Untracked 
|  27|0x0000000706800000, 0x0000000706800000, 0x0000000706a00000|  0%| F|  |TAMS 0x0000000706800000| PB 0x0000000706800000| Untracked 
|  28|0x0000000706a00000, 0x0000000706a00000, 0x0000000706c00000|  0%| F|  |TAMS 0x0000000706a00000| PB 0x0000000706a00000| Untracked 
|  29|0x0000000706c00000, 0x0000000706c00000, 0x0000000706e00000|  0%| F|  |TAMS 0x0000000706c00000| PB 0x0000000706c00000| Untracked 
|  30|0x0000000706e00000, 0x0000000706e00000, 0x0000000707000000|  0%| F|  |TAMS 0x0000000706e00000| PB 0x0000000706e00000| Untracked 
|  31|0x0000000707000000, 0x0000000707000000, 0x0000000707200000|  0%| F|  |TAMS 0x0000000707000000| PB 0x0000000707000000| Untracked 
|  32|0x0000000707200000, 0x0000000707200000, 0x0000000707400000|  0%| F|  |TAMS 0x0000000707200000| PB 0x0000000707200000| Untracked 
|  33|0x0000000707400000, 0x0000000707400000, 0x0000000707600000|  0%| F|  |TAMS 0x0000000707400000| PB 0x0000000707400000| Untracked 
|  34|0x0000000707600000, 0x0000000707600000, 0x0000000707800000|  0%| F|  |TAMS 0x0000000707600000| PB 0x0000000707600000| Untracked 
|  35|0x0000000707800000, 0x0000000707800000, 0x0000000707a00000|  0%| F|  |TAMS 0x0000000707800000| PB 0x0000000707800000| Untracked 
|  36|0x0000000707a00000, 0x0000000707a00000, 0x0000000707c00000|  0%| F|  |TAMS 0x0000000707a00000| PB 0x0000000707a00000| Untracked 
|  37|0x0000000707c00000, 0x0000000707c00000, 0x0000000707e00000|  0%| F|  |TAMS 0x0000000707c00000| PB 0x0000000707c00000| Untracked 
|  38|0x0000000707e00000, 0x0000000707e00000, 0x0000000708000000|  0%| F|  |TAMS 0x0000000707e00000| PB 0x0000000707e00000| Untracked 
|  39|0x0000000708000000, 0x0000000708000000, 0x0000000708200000|  0%| F|  |TAMS 0x0000000708000000| PB 0x0000000708000000| Untracked 
|  40|0x0000000708200000, 0x0000000708200000, 0x0000000708400000|  0%| F|  |TAMS 0x0000000708200000| PB 0x0000000708200000| Untracked 
|  41|0x0000000708400000, 0x0000000708400000, 0x0000000708600000|  0%| F|  |TAMS 0x0000000708400000| PB 0x0000000708400000| Untracked 
|  42|0x0000000708600000, 0x0000000708600000, 0x0000000708800000|  0%| F|  |TAMS 0x0000000708600000| PB 0x0000000708600000| Untracked 
|  43|0x0000000708800000, 0x0000000708800000, 0x0000000708a00000|  0%| F|  |TAMS 0x0000000708800000| PB 0x0000000708800000| Untracked 
|  44|0x0000000708a00000, 0x0000000708a00000, 0x0000000708c00000|  0%| F|  |TAMS 0x0000000708a00000| PB 0x0000000708a00000| Untracked 
|  45|0x0000000708c00000, 0x0000000708c00000, 0x0000000708e00000|  0%| F|  |TAMS 0x0000000708c00000| PB 0x0000000708c00000| Untracked 
|  46|0x0000000708e00000, 0x0000000708e00000, 0x0000000709000000|  0%| F|  |TAMS 0x0000000708e00000| PB 0x0000000708e00000| Untracked 
|  47|0x0000000709000000, 0x0000000709000000, 0x0000000709200000|  0%| F|  |TAMS 0x0000000709000000| PB 0x0000000709000000| Untracked 
|  48|0x0000000709200000, 0x0000000709200000, 0x0000000709400000|  0%| F|  |TAMS 0x0000000709200000| PB 0x0000000709200000| Untracked 
|  49|0x0000000709400000, 0x0000000709400000, 0x0000000709600000|  0%| F|  |TAMS 0x0000000709400000| PB 0x0000000709400000| Untracked 
|  50|0x0000000709600000, 0x0000000709600000, 0x0000000709800000|  0%| F|  |TAMS 0x0000000709600000| PB 0x0000000709600000| Untracked 
|  51|0x0000000709800000, 0x0000000709800000, 0x0000000709a00000|  0%| F|  |TAMS 0x0000000709800000| PB 0x0000000709800000| Untracked 
|  52|0x0000000709a00000, 0x0000000709a00000, 0x0000000709c00000|  0%| F|  |TAMS 0x0000000709a00000| PB 0x0000000709a00000| Untracked 
|  53|0x0000000709c00000, 0x0000000709c00000, 0x0000000709e00000|  0%| F|  |TAMS 0x0000000709c00000| PB 0x0000000709c00000| Untracked 
|  54|0x0000000709e00000, 0x0000000709e00000, 0x000000070a000000|  0%| F|  |TAMS 0x0000000709e00000| PB 0x0000000709e00000| Untracked 
|  55|0x000000070a000000, 0x000000070a000000, 0x000000070a200000|  0%| F|  |TAMS 0x000000070a000000| PB 0x000000070a000000| Untracked 
|  56|0x000000070a200000, 0x000000070a200000, 0x000000070a400000|  0%| F|  |TAMS 0x000000070a200000| PB 0x000000070a200000| Untracked 
|  57|0x000000070a400000, 0x000000070a400000, 0x000000070a600000|  0%| F|  |TAMS 0x000000070a400000| PB 0x000000070a400000| Untracked 
|  58|0x000000070a600000, 0x000000070a600000, 0x000000070a800000|  0%| F|  |TAMS 0x000000070a600000| PB 0x000000070a600000| Untracked 
|  59|0x000000070a800000, 0x000000070a800000, 0x000000070aa00000|  0%| F|  |TAMS 0x000000070a800000| PB 0x000000070a800000| Untracked 
|  60|0x000000070aa00000, 0x000000070aa00000, 0x000000070ac00000|  0%| F|  |TAMS 0x000000070aa00000| PB 0x000000070aa00000| Untracked 
|  61|0x000000070ac00000, 0x000000070ac00000, 0x000000070ae00000|  0%| F|  |TAMS 0x000000070ac00000| PB 0x000000070ac00000| Untracked 
|  62|0x000000070ae00000, 0x000000070ae00000, 0x000000070b000000|  0%| F|  |TAMS 0x000000070ae00000| PB 0x000000070ae00000| Untracked 
|  63|0x000000070b000000, 0x000000070b000000, 0x000000070b200000|  0%| F|  |TAMS 0x000000070b000000| PB 0x000000070b000000| Untracked 
|  64|0x000000070b200000, 0x000000070b200000, 0x000000070b400000|  0%| F|  |TAMS 0x000000070b200000| PB 0x000000070b200000| Untracked 
|  65|0x000000070b400000, 0x000000070b400000, 0x000000070b600000|  0%| F|  |TAMS 0x000000070b400000| PB 0x000000070b400000| Untracked 
|  66|0x000000070b600000, 0x000000070b600000, 0x000000070b800000|  0%| F|  |TAMS 0x000000070b600000| PB 0x000000070b600000| Untracked 
|  67|0x000000070b800000, 0x000000070b800000, 0x000000070ba00000|  0%| F|  |TAMS 0x000000070b800000| PB 0x000000070b800000| Untracked 
|  68|0x000000070ba00000, 0x000000070ba00000, 0x000000070bc00000|  0%| F|  |TAMS 0x000000070ba00000| PB 0x000000070ba00000| Untracked 
|  69|0x000000070bc00000, 0x000000070bc00000, 0x000000070be00000|  0%| F|  |TAMS 0x000000070bc00000| PB 0x000000070bc00000| Untracked 
|  70|0x000000070be00000, 0x000000070be00000, 0x000000070c000000|  0%| F|  |TAMS 0x000000070be00000| PB 0x000000070be00000| Untracked 
|  71|0x000000070c000000, 0x000000070c000000, 0x000000070c200000|  0%| F|  |TAMS 0x000000070c000000| PB 0x000000070c000000| Untracked 
|  72|0x000000070c200000, 0x000000070c200000, 0x000000070c400000|  0%| F|  |TAMS 0x000000070c200000| PB 0x000000070c200000| Untracked 
|  73|0x000000070c400000, 0x000000070c400000, 0x000000070c600000|  0%| F|  |TAMS 0x000000070c400000| PB 0x000000070c400000| Untracked 
|  74|0x000000070c600000, 0x000000070c600000, 0x000000070c800000|  0%| F|  |TAMS 0x000000070c600000| PB 0x000000070c600000| Untracked 
|  75|0x000000070c800000, 0x000000070c800000, 0x000000070ca00000|  0%| F|  |TAMS 0x000000070c800000| PB 0x000000070c800000| Untracked 
|  76|0x000000070ca00000, 0x000000070ca00000, 0x000000070cc00000|  0%| F|  |TAMS 0x000000070ca00000| PB 0x000000070ca00000| Untracked 
|  77|0x000000070cc00000, 0x000000070cc00000, 0x000000070ce00000|  0%| F|  |TAMS 0x000000070cc00000| PB 0x000000070cc00000| Untracked 
|  78|0x000000070ce00000, 0x000000070ce00000, 0x000000070d000000|  0%| F|  |TAMS 0x000000070ce00000| PB 0x000000070ce00000| Untracked 
|  79|0x000000070d000000, 0x000000070d000000, 0x000000070d200000|  0%| F|  |TAMS 0x000000070d000000| PB 0x000000070d000000| Untracked 
|  80|0x000000070d200000, 0x000000070d200000, 0x000000070d400000|  0%| F|  |TAMS 0x000000070d200000| PB 0x000000070d200000| Untracked 
|  81|0x000000070d400000, 0x000000070d400000, 0x000000070d600000|  0%| F|  |TAMS 0x000000070d400000| PB 0x000000070d400000| Untracked 
|  82|0x000000070d600000, 0x000000070d600000, 0x000000070d800000|  0%| F|  |TAMS 0x000000070d600000| PB 0x000000070d600000| Untracked 
|  83|0x000000070d800000, 0x000000070d800000, 0x000000070da00000|  0%| F|  |TAMS 0x000000070d800000| PB 0x000000070d800000| Untracked 
|  84|0x000000070da00000, 0x000000070da00000, 0x000000070dc00000|  0%| F|  |TAMS 0x000000070da00000| PB 0x000000070da00000| Untracked 
|  85|0x000000070dc00000, 0x000000070dc00000, 0x000000070de00000|  0%| F|  |TAMS 0x000000070dc00000| PB 0x000000070dc00000| Untracked 
|  86|0x000000070de00000, 0x000000070de00000, 0x000000070e000000|  0%| F|  |TAMS 0x000000070de00000| PB 0x000000070de00000| Untracked 
|  87|0x000000070e000000, 0x000000070e000000, 0x000000070e200000|  0%| F|  |TAMS 0x000000070e000000| PB 0x000000070e000000| Untracked 
|  88|0x000000070e200000, 0x000000070e200000, 0x000000070e400000|  0%| F|  |TAMS 0x000000070e200000| PB 0x000000070e200000| Untracked 
|  89|0x000000070e400000, 0x000000070e400000, 0x000000070e600000|  0%| F|  |TAMS 0x000000070e400000| PB 0x000000070e400000| Untracked 
|  90|0x000000070e600000, 0x000000070e600000, 0x000000070e800000|  0%| F|  |TAMS 0x000000070e600000| PB 0x000000070e600000| Untracked 
|  91|0x000000070e800000, 0x000000070e800000, 0x000000070ea00000|  0%| F|  |TAMS 0x000000070e800000| PB 0x000000070e800000| Untracked 
|  92|0x000000070ea00000, 0x000000070ea00000, 0x000000070ec00000|  0%| F|  |TAMS 0x000000070ea00000| PB 0x000000070ea00000| Untracked 
|  93|0x000000070ec00000, 0x000000070ec00000, 0x000000070ee00000|  0%| F|  |TAMS 0x000000070ec00000| PB 0x000000070ec00000| Untracked 
|  94|0x000000070ee00000, 0x000000070ee00000, 0x000000070f000000|  0%| F|  |TAMS 0x000000070ee00000| PB 0x000000070ee00000| Untracked 
|  95|0x000000070f000000, 0x000000070f000000, 0x000000070f200000|  0%| F|  |TAMS 0x000000070f000000| PB 0x000000070f000000| Untracked 
|  96|0x000000070f200000, 0x000000070f200000, 0x000000070f400000|  0%| F|  |TAMS 0x000000070f200000| PB 0x000000070f200000| Untracked 
|  97|0x000000070f400000, 0x000000070f400000, 0x000000070f600000|  0%| F|  |TAMS 0x000000070f400000| PB 0x000000070f400000| Untracked 
|  98|0x000000070f600000, 0x000000070f600000, 0x000000070f800000|  0%| F|  |TAMS 0x000000070f600000| PB 0x000000070f600000| Untracked 
|  99|0x000000070f800000, 0x000000070f800000, 0x000000070fa00000|  0%| F|  |TAMS 0x000000070f800000| PB 0x000000070f800000| Untracked 
| 100|0x000000070fa00000, 0x000000070fa00000, 0x000000070fc00000|  0%| F|  |TAMS 0x000000070fa00000| PB 0x000000070fa00000| Untracked 
| 101|0x000000070fc00000, 0x000000070fc00000, 0x000000070fe00000|  0%| F|  |TAMS 0x000000070fc00000| PB 0x000000070fc00000| Untracked 
| 102|0x000000070fe00000, 0x000000070fe00000, 0x0000000710000000|  0%| F|  |TAMS 0x000000070fe00000| PB 0x000000070fe00000| Untracked 
| 103|0x0000000710000000, 0x0000000710200000, 0x0000000710200000|100%| S|CS|TAMS 0x0000000710000000| PB 0x0000000710000000| Complete 
| 104|0x0000000710200000, 0x0000000710400000, 0x0000000710400000|100%| S|CS|TAMS 0x0000000710200000| PB 0x0000000710200000| Complete 
| 105|0x0000000710400000, 0x0000000710600000, 0x0000000710600000|100%| S|CS|TAMS 0x0000000710400000| PB 0x0000000710400000| Complete 
| 106|0x0000000710600000, 0x0000000710600000, 0x0000000710800000|  0%| F|  |TAMS 0x0000000710600000| PB 0x0000000710600000| Untracked 
| 107|0x0000000710800000, 0x0000000710800000, 0x0000000710a00000|  0%| F|  |TAMS 0x0000000710800000| PB 0x0000000710800000| Untracked 
| 108|0x0000000710a00000, 0x0000000710a00000, 0x0000000710c00000|  0%| F|  |TAMS 0x0000000710a00000| PB 0x0000000710a00000| Untracked 
| 109|0x0000000710c00000, 0x0000000710c00000, 0x0000000710e00000|  0%| F|  |TAMS 0x0000000710c00000| PB 0x0000000710c00000| Untracked 
| 110|0x0000000710e00000, 0x0000000710e00000, 0x0000000711000000|  0%| F|  |TAMS 0x0000000710e00000| PB 0x0000000710e00000| Untracked 
| 111|0x0000000711000000, 0x0000000711000000, 0x0000000711200000|  0%| F|  |TAMS 0x0000000711000000| PB 0x0000000711000000| Untracked 
| 112|0x0000000711200000, 0x0000000711200000, 0x0000000711400000|  0%| F|  |TAMS 0x0000000711200000| PB 0x0000000711200000| Untracked 
| 113|0x0000000711400000, 0x0000000711400000, 0x0000000711600000|  0%| F|  |TAMS 0x0000000711400000| PB 0x0000000711400000| Untracked 
| 114|0x0000000711600000, 0x0000000711600000, 0x0000000711800000|  0%| F|  |TAMS 0x0000000711600000| PB 0x0000000711600000| Untracked 
| 115|0x0000000711800000, 0x0000000711800000, 0x0000000711a00000|  0%| F|  |TAMS 0x0000000711800000| PB 0x0000000711800000| Untracked 
| 116|0x0000000711a00000, 0x0000000711a00000, 0x0000000711c00000|  0%| F|  |TAMS 0x0000000711a00000| PB 0x0000000711a00000| Untracked 
| 117|0x0000000711c00000, 0x0000000711c00000, 0x0000000711e00000|  0%| F|  |TAMS 0x0000000711c00000| PB 0x0000000711c00000| Untracked 
| 118|0x0000000711e00000, 0x0000000711e00800, 0x0000000712000000|  0%| E|  |TAMS 0x0000000711e00000| PB 0x0000000711e00000| Complete 
| 119|0x0000000712000000, 0x0000000712200000, 0x0000000712200000|100%| E|CS|TAMS 0x0000000712000000| PB 0x0000000712000000| Complete 
| 120|0x0000000712200000, 0x0000000712400000, 0x0000000712400000|100%| E|CS|TAMS 0x0000000712200000| PB 0x0000000712200000| Complete 
| 121|0x0000000712400000, 0x0000000712600000, 0x0000000712600000|100%| E|CS|TAMS 0x0000000712400000| PB 0x0000000712400000| Complete 
| 122|0x0000000712600000, 0x0000000712800000, 0x0000000712800000|100%| E|CS|TAMS 0x0000000712600000| PB 0x0000000712600000| Complete 
| 123|0x0000000712800000, 0x0000000712a00000, 0x0000000712a00000|100%| E|CS|TAMS 0x0000000712800000| PB 0x0000000712800000| Complete 
| 124|0x0000000712a00000, 0x0000000712c00000, 0x0000000712c00000|100%| E|CS|TAMS 0x0000000712a00000| PB 0x0000000712a00000| Complete 
| 125|0x0000000712c00000, 0x0000000712e00000, 0x0000000712e00000|100%| E|CS|TAMS 0x0000000712c00000| PB 0x0000000712c00000| Complete 
| 126|0x0000000712e00000, 0x0000000713000000, 0x0000000713000000|100%| E|CS|TAMS 0x0000000712e00000| PB 0x0000000712e00000| Complete 

Card table byte_map: [0x00000258c7b90000,0x00000258c8380000] _byte_map_base: 0x00000258c4377000

Marking Bits: (CMBitMap*) 0x00000258afa56b30
 Bits: [0x00000258c8380000, 0x00000258cc2b8000)

Polling page: 0x00000258af1c0000

Metaspace:

Usage:
  Non-class:     13.32 MB used.
      Class:      2.30 MB used.
       Both:     15.62 MB used.

Virtual space:
  Non-class space:       64.00 MB reserved,      13.50 MB ( 21%) committed,  1 nodes.
      Class space:        1.00 GB reserved,       2.44 MB ( <1%) committed,  1 nodes.
             Both:        1.06 GB reserved,      15.94 MB (  1%) committed. 

Chunk freelists:
   Non-Class:  1.81 MB
       Class:  13.54 MB
        Both:  15.35 MB

MaxMetaspaceSize: unlimited
CompressedClassSpaceSize: 1.00 GB
Initial GC threshold: 21.00 MB
Current GC threshold: 21.00 MB
CDS: on
 - commit_granule_bytes: 65536.
 - commit_granule_words: 8192.
 - virtual_space_node_default_size: 8388608.
 - enlarge_chunks_in_place: 1.
 - use_allocation_guard: 0.


Internal statistics:

num_allocs_failed_limit: 0.
num_arena_births: 332.
num_arena_deaths: 0.
num_vsnodes_births: 2.
num_vsnodes_deaths: 0.
num_space_committed: 255.
num_space_uncommitted: 0.
num_chunks_returned_to_freelist: 0.
num_chunks_taken_from_freelist: 835.
num_chunk_merges: 0.
num_chunk_splits: 563.
num_chunks_enlarged: 427.
num_inconsistent_stats: 0.

CodeHeap 'non-profiled nmethods': size=120000Kb used=965Kb max_used=965Kb free=119034Kb
 bounds [0x00000258bf920000, 0x00000258bfb90000, 0x00000258c6e50000]
CodeHeap 'profiled nmethods': size=120000Kb used=4591Kb max_used=4591Kb free=115408Kb
 bounds [0x00000258b7e50000, 0x00000258b82d0000, 0x00000258bf380000]
CodeHeap 'non-nmethods': size=5760Kb used=1791Kb max_used=1813Kb free=3968Kb
 bounds [0x00000258bf380000, 0x00000258bf5f0000, 0x00000258bf920000]
 total_blobs=3354 nmethods=2543 adapters=715
 compilation: enabled
              stopped_count=0, restarted_count=0
 full_count=0

Compilation events (20 events):
Event: 4.272 Thread 0x00000258cef578d0 2536       3       com.sun.javafx.tk.quantum.GlassViewEventHandler::lambda$handleMouseEvent$2 (18 bytes)
Event: 4.272 Thread 0x00000258cef578d0 nmethod 2536 0x00000258b82c7390 code [0x00000258b82c75c0, 0x00000258b82c7b88]
Event: 4.274 Thread 0x00000258cef578d0 2537       3       javafx.scene.Scene$MouseHandler::clearPDREventTargets (62 bytes)
Event: 4.274 Thread 0x00000258cef578d0 nmethod 2537 0x00000258b82c7e90 code [0x00000258b82c80a0, 0x00000258b82c88d0]
Event: 4.421 Thread 0x00000258cef578d0 2538       3       com.sun.javafx.tk.quantum.QuantumToolkit::postPulse (133 bytes)
Event: 4.422 Thread 0x00000258cef578d0 nmethod 2538 0x00000258b82c8b10 code [0x00000258b82c8ec0, 0x00000258b82ca460]
Event: 4.565 Thread 0x00000258cef578d0 2539       3       com.sun.javafx.tk.quantum.QuantumToolkit$$Lambda/0x00000258d003b638::run (8 bytes)
Event: 4.566 Thread 0x00000258cef578d0 nmethod 2539 0x00000258b82cab90 code [0x00000258b82cad80, 0x00000258b82cb128]
Event: 4.566 Thread 0x00000258cef578d0 2540   !   3       com.sun.javafx.tk.quantum.QuantumToolkit::lambda$runToolkit$12 (16 bytes)
Event: 4.566 Thread 0x00000258cef578d0 nmethod 2540 0x00000258b82cb310 code [0x00000258b82cb500, 0x00000258b82cb848]
Event: 86.341 Thread 0x00000258cef34a10 2541       4       com.sun.javafx.tk.quantum.QuantumToolkit::postPulse (133 bytes)
Event: 86.342 Thread 0x00000258cef34a10 nmethod 2541 0x00000258bfa10510 code [0x00000258bfa106c0, 0x00000258bfa10898]
Event: 86.485 Thread 0x00000258cef34a10 2542       4       com.sun.javafx.tk.quantum.QuantumToolkit$$Lambda/0x00000258d003b638::run (8 bytes)
Event: 86.486 Thread 0x00000258cef34a10 nmethod 2542 0x00000258bfa10a90 code [0x00000258bfa10c40, 0x00000258bfa10e30]
Event: 180.104 Thread 0x00000258cef578d0 2543       3       javafx.beans.property.BooleanPropertyBase::<init> (25 bytes)
Event: 180.104 Thread 0x00000258cef578d0 nmethod 2543 0x00000258b82cb990 code [0x00000258b82cbb60, 0x00000258b82cbe88]
Event: 261.713 Thread 0x00000258cef578d0 2544       1       java.util.logging.LogManager$LoggerContext::getOwner (5 bytes)
Event: 261.713 Thread 0x00000258cef578d0 nmethod 2544 0x00000258bfa11010 code [0x00000258bfa111a0, 0x00000258bfa11270]
Event: 261.713 Thread 0x00000258cef578d0 2545       1       java.util.concurrent.atomic.AtomicInteger::get (5 bytes)
Event: 261.713 Thread 0x00000258cef578d0 nmethod 2545 0x00000258bfa11310 code [0x00000258bfa114a0, 0x00000258bfa11568]

GC Heap History (4 events):
Event: 0.482 GC heap before
{Heap before GC invocations=0 (full 0):
 garbage-first heap   total 260096K, used 20480K [0x0000000703200000, 0x0000000800000000)
  region size 2048K, 11 young (22528K), 0 survivors (0K)
 Metaspace       used 4562K, committed 4736K, reserved 1114112K
  class space    used 491K, committed 576K, reserved 1048576K
}
Event: 0.484 GC heap after
{Heap after GC invocations=1 (full 0):
 garbage-first heap   total 260096K, used 2634K [0x0000000703200000, 0x0000000800000000)
  region size 2048K, 2 young (4096K), 2 survivors (4096K)
 Metaspace       used 4562K, committed 4736K, reserved 1114112K
  class space    used 491K, committed 576K, reserved 1048576K
}
Event: 0.843 GC heap before
{Heap before GC invocations=1 (full 0):
 garbage-first heap   total 260096K, used 39498K [0x0000000703200000, 0x0000000800000000)
  region size 2048K, 21 young (43008K), 2 survivors (4096K)
 Metaspace       used 13385K, committed 13760K, reserved 1114112K
  class space    used 2066K, committed 2240K, reserved 1048576K
}
Event: 0.847 GC heap after
{Heap after GC invocations=2 (full 0):
 garbage-first heap   total 260096K, used 6424K [0x0000000703200000, 0x0000000800000000)
  region size 2048K, 3 young (6144K), 3 survivors (6144K)
 Metaspace       used 13385K, committed 13760K, reserved 1114112K
  class space    used 2066K, committed 2240K, reserved 1048576K
}

Dll operation events (20 events):
Event: 0.258 Loaded shared library C:\Users\danik\.openjfx\cache\21+31\amd64\api-ms-win-crt-locale-l1-1-0.dll
Event: 0.260 Loaded shared library C:\Users\danik\.openjfx\cache\21+31\amd64\api-ms-win-crt-math-l1-1-0.dll
Event: 0.262 Loaded shared library C:\Users\danik\.openjfx\cache\21+31\amd64\api-ms-win-crt-multibyte-l1-1-0.dll
Event: 0.265 Loaded shared library C:\Users\danik\.openjfx\cache\21+31\amd64\api-ms-win-crt-private-l1-1-0.dll
Event: 0.267 Loaded shared library C:\Users\danik\.openjfx\cache\21+31\amd64\api-ms-win-crt-process-l1-1-0.dll
Event: 0.268 Loaded shared library C:\Users\danik\.openjfx\cache\21+31\amd64\api-ms-win-crt-runtime-l1-1-0.dll
Event: 0.270 Loaded shared library C:\Users\danik\.openjfx\cache\21+31\amd64\api-ms-win-crt-stdio-l1-1-0.dll
Event: 0.272 Loaded shared library C:\Users\danik\.openjfx\cache\21+31\amd64\api-ms-win-crt-string-l1-1-0.dll
Event: 0.273 Loaded shared library C:\Users\danik\.openjfx\cache\21+31\amd64\api-ms-win-crt-time-l1-1-0.dll
Event: 0.275 Loaded shared library C:\Users\danik\.openjfx\cache\21+31\amd64\api-ms-win-crt-utility-l1-1-0.dll
Event: 0.285 Loaded shared library C:\Users\danik\.openjfx\cache\21+31\amd64\ucrtbase.dll
Event: 0.288 Loaded shared library C:\Users\danik\.openjfx\cache\21+31\amd64\vcruntime140.dll
Event: 0.291 Loaded shared library C:\Users\danik\.openjfx\cache\21+31\amd64\vcruntime140_1.dll
Event: 0.297 Loaded shared library C:\Users\danik\.openjfx\cache\21+31\amd64\msvcp140.dll
Event: 0.300 Loaded shared library C:\Users\danik\.openjfx\cache\21+31\amd64\msvcp140_1.dll
Event: 0.303 Loaded shared library C:\Users\danik\.openjfx\cache\21+31\amd64\msvcp140_2.dll
Event: 0.326 Loaded shared library C:\Users\danik\.openjfx\cache\21+31\amd64\prism_d3d.dll
Event: 0.380 Loaded shared library C:\Users\danik\.openjfx\cache\21+31\amd64\glass.dll
Event: 0.500 Loaded shared library C:\Program Files\Java\jdk-21\bin\jimage.dll
Event: 0.621 Loaded shared library C:\Users\danik\.openjfx\cache\21+31\amd64\javafx_font.dll

Deoptimization events (20 events):
Event: 1.019 Thread 0x00000258cef22c80 Uncommon trap: trap_request=0xffffff45 fr.pc=0x00000258bf99de24 relative=0x0000000000000e04
Event: 1.019 Thread 0x00000258cef22c80 Uncommon trap: reason=unstable_if action=reinterpret pc=0x00000258bf99de24 method=java.util.concurrent.ConcurrentHashMap.putVal(Ljava/lang/Object;Ljava/lang/Object;Z)Ljava/lang/Object; @ 148 c2
Event: 1.019 Thread 0x00000258cef22c80 DEOPT PACKING pc=0x00000258bf99de24 sp=0x000000911dcfe250
Event: 1.019 Thread 0x00000258cef22c80 DEOPT UNPACKING pc=0x00000258bf3d46a2 sp=0x000000911dcfe1d0 mode 2
Event: 2.514 Thread 0x00000259152a4900 Uncommon trap: trap_request=0xffffffc6 fr.pc=0x00000258bf9e3e34 relative=0x0000000000000874
Event: 2.514 Thread 0x00000259152a4900 Uncommon trap: reason=bimorphic_or_optimized_type_check action=maybe_recompile pc=0x00000258bf9e3e34 method=java.util.regex.Pattern$Start.match(Ljava/util/regex/Matcher;ILjava/lang/CharSequence;)Z @ 44 c2
Event: 2.514 Thread 0x00000259152a4900 DEOPT PACKING pc=0x00000258bf9e3e34 sp=0x000000911e9fc7e0
Event: 2.514 Thread 0x00000259152a4900 DEOPT UNPACKING pc=0x00000258bf3d46a2 sp=0x000000911e9fc730 mode 2
Event: 2.514 Thread 0x00000259152a4900 Uncommon trap: trap_request=0xffffffc6 fr.pc=0x00000258bf9e3e34 relative=0x0000000000000874
Event: 2.514 Thread 0x00000259152a4900 Uncommon trap: reason=bimorphic_or_optimized_type_check action=maybe_recompile pc=0x00000258bf9e3e34 method=java.util.regex.Pattern$Start.match(Ljava/util/regex/Matcher;ILjava/lang/CharSequence;)Z @ 44 c2
Event: 2.514 Thread 0x00000259152a4900 DEOPT PACKING pc=0x00000258bf9e3e34 sp=0x000000911e9fc7e0
Event: 2.514 Thread 0x00000259152a4900 DEOPT UNPACKING pc=0x00000258bf3d46a2 sp=0x000000911e9fc730 mode 2
Event: 2.514 Thread 0x00000259152a4900 Uncommon trap: trap_request=0xffffffc6 fr.pc=0x00000258bf9e3e34 relative=0x0000000000000874
Event: 2.514 Thread 0x00000259152a4900 Uncommon trap: reason=bimorphic_or_optimized_type_check action=maybe_recompile pc=0x00000258bf9e3e34 method=java.util.regex.Pattern$Start.match(Ljava/util/regex/Matcher;ILjava/lang/CharSequence;)Z @ 44 c2
Event: 2.514 Thread 0x00000259152a4900 DEOPT PACKING pc=0x00000258bf9e3e34 sp=0x000000911e9fc7e0
Event: 2.514 Thread 0x00000259152a4900 DEOPT UNPACKING pc=0x00000258bf3d46a2 sp=0x000000911e9fc730 mode 2
Event: 2.514 Thread 0x00000259152a4900 Uncommon trap: trap_request=0xffffffc6 fr.pc=0x00000258bf9e3e34 relative=0x0000000000000874
Event: 2.514 Thread 0x00000259152a4900 Uncommon trap: reason=bimorphic_or_optimized_type_check action=maybe_recompile pc=0x00000258bf9e3e34 method=java.util.regex.Pattern$Start.match(Ljava/util/regex/Matcher;ILjava/lang/CharSequence;)Z @ 44 c2
Event: 2.514 Thread 0x00000259152a4900 DEOPT PACKING pc=0x00000258bf9e3e34 sp=0x000000911e9fc7e0
Event: 2.514 Thread 0x00000259152a4900 DEOPT UNPACKING pc=0x00000258bf3d46a2 sp=0x000000911e9fc730 mode 2

Classes loaded (20 events):
Event: 1.020 Loading class sun/util/resources/cldr/TimeZoneNames_en
Event: 1.020 Loading class sun/util/resources/cldr/TimeZoneNames_en done
Event: 1.020 Loading class sun/util/resources/cldr/TimeZoneNames_en_US
Event: 1.020 Loading class sun/util/resources/cldr/TimeZoneNames_en_US done
Event: 1.021 Loading class sun/util/cldr/CLDRBaseLocaleDataMetaInfo$TZCanonicalIDMapHolder
Event: 1.021 Loading class sun/util/cldr/CLDRBaseLocaleDataMetaInfo$TZCanonicalIDMapHolder done
Event: 1.022 Loading class sun/util/resources/TimeZoneNames
Event: 1.022 Loading class sun/util/resources/TimeZoneNames done
Event: 1.022 Loading class sun/util/resources/TimeZoneNames_en
Event: 1.022 Loading class sun/util/resources/TimeZoneNames_en done
Event: 1.640 Loading class java/util/EnumMap$Values
Event: 1.640 Loading class java/util/EnumMap$Values done
Event: 1.640 Loading class java/util/EnumMap$ValueIterator
Event: 1.640 Loading class java/util/EnumMap$EnumMapIterator
Event: 1.640 Loading class java/util/EnumMap$EnumMapIterator done
Event: 1.640 Loading class java/util/EnumMap$ValueIterator done
Event: 2.383 Loading class java/io/UnsupportedEncodingException
Event: 2.383 Loading class java/io/UnsupportedEncodingException done
Event: 261.712 Loading class jdk/internal/misc/Signal$1
Event: 261.712 Loading class jdk/internal/misc/Signal$1 done

Classes unloaded (0 events):
No events

Classes redefined (0 events):
No events

Internal exceptions (20 events):
Event: 0.701 Thread 0x00000259152a4900 Exception <a 'sun/nio/fs/WindowsException'{0x0000000711579458}> (0x0000000711579458) 
thrown [s\open\src\hotspot\share\prims\jni.cpp, line 520]
Event: 0.708 Thread 0x00000259152a4900 Exception <a 'java/lang/NoSuchMethodError'{0x00000007115be388}: 'void java.lang.invoke.DirectMethodHandle$Holder.invokeSpecial(java.lang.Object, java.lang.Object, int)'> (0x00000007115be388) 
thrown [s\open\src\hotspot\share\interpreter\linkResolver.cpp, line 773]
Event: 0.709 Thread 0x00000259152a4900 Exception <a 'java/lang/NoSuchMethodError'{0x00000007115c25c0}: 'int java.lang.invoke.DirectMethodHandle$Holder.invokeSpecial(java.lang.Object, java.lang.Object, java.lang.Object, int)'> (0x00000007115c25c0) 
thrown [s\open\src\hotspot\share\interpreter\linkResolver.cpp, line 773]
Event: 0.709 Thread 0x00000259152a4900 Exception <a 'java/lang/NoSuchMethodError'{0x00000007115cc778}: 'void java.lang.invoke.DelegatingMethodHandle$Holder.reinvoke_L(java.lang.Object, java.lang.Object, int)'> (0x00000007115cc778) 
thrown [s\open\src\hotspot\share\interpreter\linkResolver.cpp, line 773]
Event: 0.709 Thread 0x00000259152a4900 Exception <a 'java/lang/NoSuchMethodError'{0x00000007115d01a0}: 'int java.lang.invoke.DirectMethodHandle$Holder.invokeSpecial(java.lang.Object, java.lang.Object, java.lang.Object)'> (0x00000007115d01a0) 
thrown [s\open\src\hotspot\share\interpreter\linkResolver.cpp, line 773]
Event: 0.726 Thread 0x00000259152a4900 Implicit null exception at 0x00000258bf959366 to 0x00000258bf95940a
Event: 0.733 Thread 0x00000259152a4900 Implicit null exception at 0x00000258bf996ebd to 0x00000258bf997118
Event: 0.734 Thread 0x00000259152a4900 Implicit null exception at 0x00000258bf9937bd to 0x00000258bf9939f8
Event: 0.809 Thread 0x00000259152a4900 Exception <a 'java/lang/ClassNotFoundException'{0x0000000710b590f0}: com/sun/javafx/scene/control/skin/resources/controls> (0x0000000710b590f0) 
thrown [s\open\src\hotspot\share\prims\jni.cpp, line 539]
Event: 0.810 Thread 0x00000259152a4900 Exception <a 'java/lang/ClassNotFoundException'{0x0000000710b672f0}: com/sun/javafx/scene/control/skin/resources/controls_uk> (0x0000000710b672f0) 
thrown [s\open\src\hotspot\share\prims\jni.cpp, line 539]
Event: 0.810 Thread 0x00000259152a4900 Exception <a 'java/lang/ClassNotFoundException'{0x0000000710b68298}: com/sun/javafx/scene/control/skin/resources/controls_uk_UA> (0x0000000710b68298) 
thrown [s\open\src\hotspot\share\prims\jni.cpp, line 539]
Event: 0.830 Thread 0x00000259152a4900 Exception <a 'java/lang/NoSuchMethodError'{0x000000071094bf10}: 'void java.lang.invoke.DirectMethodHandle$Holder.invokeSpecial(java.lang.Object, java.lang.Object, java.lang.Object, java.lang.Object, java.lang.Object, java.lang.Object)'> (0x000000071094bf10) 
thrown [s\open\src\hotspot\share\interpreter\linkResolver.cpp, line 773]
Event: 0.832 Thread 0x00000259152a4900 Exception <a 'java/lang/IncompatibleClassChangeError'{0x000000071096aa68}: Found class java.lang.Object, but interface was expected> (0x000000071096aa68) 
thrown [s\open\src\hotspot\share\interpreter\linkResolver.cpp, line 840]
Event: 0.880 Thread 0x00000259152a4900 Exception <a 'java/lang/NoSuchMethodError'{0x0000000712d036e0}: 'int java.lang.invoke.DirectMethodHandle$Holder.invokeSpecial(java.lang.Object, java.lang.Object, int)'> (0x0000000712d036e0) 
thrown [s\open\src\hotspot\share\interpreter\linkResolver.cpp, line 773]
Event: 0.888 Thread 0x00000259152a4900 Exception <a 'java/lang/NoSuchMethodError'{0x0000000712d5a978}: 'java.lang.Object java.lang.invoke.DirectMethodHandle$Holder.newInvokeSpecial(java.lang.Object, java.lang.Object, int)'> (0x0000000712d5a978) 
thrown [s\open\src\hotspot\share\interpreter\linkResolver.cpp, line 773]
Event: 0.908 Thread 0x0000025914c2fc10 Exception <a 'java/lang/NoSuchMethodError'{0x0000000712aa7058}: 'int java.lang.invoke.DirectMethodHandle$Holder.invokeStaticInit(java.lang.Object, java.lang.Object)'> (0x0000000712aa7058) 
thrown [s\open\src\hotspot\share\interpreter\linkResolver.cpp, line 773]
Event: 0.918 Thread 0x00000259152a4900 Exception <a 'java/lang/NoSuchMethodError'{0x0000000712a37be8}: 'long java.lang.invoke.DirectMethodHandle$Holder.invokeStatic(java.lang.Object, java.lang.Object, java.lang.Object)'> (0x0000000712a37be8) 
thrown [s\open\src\hotspot\share\interpreter\linkResolver.cpp, line 773]
Event: 0.918 Thread 0x00000259152a4900 Exception <a 'java/lang/NoSuchMethodError'{0x0000000712a3afb8}: 'long java.lang.invoke.DirectMethodHandle$Holder.invokeStaticInit(java.lang.Object, java.lang.Object, java.lang.Object)'> (0x0000000712a3afb8) 
thrown [s\open\src\hotspot\share\interpreter\linkResolver.cpp, line 773]
Event: 0.919 Thread 0x00000259152a4900 Exception <a 'java/lang/NoSuchMethodError'{0x0000000712a4f5b0}: 'java.lang.Object java.lang.invoke.DirectMethodHandle$Holder.newInvokeSpecial(java.lang.Object, java.lang.Object, long)'> (0x0000000712a4f5b0) 
thrown [s\open\src\hotspot\share\interpreter\linkResolver.cpp, line 773]
Event: 0.920 Thread 0x00000259152a4900 Exception <a 'java/lang/NoSuchMethodError'{0x0000000712a52ea8}: 'java.lang.Object java.lang.invoke.Invokers$Holder.linkToTargetMethod(java.lang.Object, long, java.lang.Object)'> (0x0000000712a52ea8) 
thrown [s\open\src\hotspot\share\interpreter\linkResolver.cpp, line 773]

ZGC Phase Switch (0 events):
No events

VM Operations (20 events):
Event: 0.623 Executing VM operation: HandshakeAllThreads (Deoptimize) done
Event: 0.756 Executing VM operation: ICBufferFull
Event: 0.757 Executing VM operation: ICBufferFull done
Event: 0.843 Executing VM operation: G1CollectForAllocation (G1 Evacuation Pause)
Event: 0.847 Executing VM operation: G1CollectForAllocation (G1 Evacuation Pause) done
Event: 0.856 Executing VM operation: HandshakeAllThreads (Deoptimize)
Event: 0.856 Executing VM operation: HandshakeAllThreads (Deoptimize) done
Event: 1.856 Executing VM operation: Cleanup
Event: 1.856 Executing VM operation: Cleanup done
Event: 2.535 Executing VM operation: ICBufferFull
Event: 2.535 Executing VM operation: ICBufferFull done
Event: 4.534 Executing VM operation: Cleanup
Event: 4.534 Executing VM operation: Cleanup done
Event: 60.051 Executing VM operation: HandshakeAllThreads (HandshakeForDeflation)
Event: 60.051 Executing VM operation: HandshakeAllThreads (HandshakeForDeflation) done
Event: 60.051 Executing VM operation: RendezvousGCThreads
Event: 60.051 Executing VM operation: RendezvousGCThreads done
Event: 181.078 Executing VM operation: Cleanup
Event: 181.078 Executing VM operation: Cleanup done
Event: 261.713 Executing VM operation: Exit

Events (20 events):
Event: 0.125 Thread 0x00000259144035f0 Thread added: 0x00000259144035f0
Event: 0.321 Thread 0x0000025914c2fc10 Thread added: 0x0000025914c2fc10
Event: 0.382 Thread 0x0000025914bc3bd0 Thread added: 0x0000025914bc3bd0
Event: 0.384 Thread 0x00000259152a4900 Thread added: 0x00000259152a4900
Event: 0.453 Thread 0x00000259142ed3a0 Thread exited: 0x00000259142ed3a0
Event: 0.453 Thread 0x00000259142ee7b0 Thread exited: 0x00000259142ee7b0
Event: 0.480 Thread 0x00000259157a49e0 Thread added: 0x00000259157a49e0
Event: 0.484 Thread 0x0000025914259b10 Thread added: 0x0000025914259b10
Event: 0.563 Thread 0x000002591579f1e0 Thread added: 0x000002591579f1e0
Event: 0.690 Thread 0x0000025915a42030 Thread added: 0x0000025915a42030
Event: 0.921 Thread 0x0000025915a43a70 Thread added: 0x0000025915a43a70
Event: 1.157 Thread 0x000002591579f1e0 Thread exited: 0x000002591579f1e0
Event: 2.525 Thread 0x0000025915b76f40 Thread added: 0x0000025915b76f40
Event: 2.677 Thread 0x0000025915b76f40 Thread exited: 0x0000025915b76f40
Event: 261.712 Thread 0x0000025915a419a0 Thread added: 0x0000025915a419a0
Event: 261.712 Thread 0x0000025915a42d50 Thread added: 0x0000025915a42d50
Event: 261.712 Thread 0x0000025915a44100 Thread added: 0x0000025915a44100
Event: 261.713 Thread 0x0000025915a44100 Thread exited: 0x0000025915a44100
Event: 261.713 Thread 0x0000025915a42d50 Thread exited: 0x0000025915a42d50
Event: 261.713 Thread 0x00000258cef21fa0 Thread exited: 0x00000258cef21fa0


Dynamic libraries:
0x00007ff63c970000 - 0x00007ff63c980000 	C:\Program Files\Java\jdk-21\bin\java.exe
0x00007ff9f9d30000 - 0x00007ff9f9f28000 	C:\Windows\SYSTEM32\ntdll.dll
0x00007ff9f8c20000 - 0x00007ff9f8ce2000 	C:\Windows\System32\KERNEL32.DLL
0x00007ff9f7630000 - 0x00007ff9f7926000 	C:\Windows\System32\KERNELBASE.dll
0x00007ff9f7400000 - 0x00007ff9f7500000 	C:\Windows\System32\ucrtbase.dll
0x00007ff9f26b0000 - 0x00007ff9f26cb000 	C:\Program Files\Java\jdk-21\bin\VCRUNTIME140.dll
0x00007ff9f0120000 - 0x00007ff9f0139000 	C:\Program Files\Java\jdk-21\bin\jli.dll
0x00007ff9f8070000 - 0x00007ff9f8121000 	C:\Windows\System32\ADVAPI32.dll
0x00007ff9f7f40000 - 0x00007ff9f7fde000 	C:\Windows\System32\msvcrt.dll
0x00007ff9f8510000 - 0x00007ff9f85af000 	C:\Windows\System32\sechost.dll
0x00007ff9f8310000 - 0x00007ff9f8430000 	C:\Windows\System32\RPCRT4.dll
0x00007ff9f7930000 - 0x00007ff9f7957000 	C:\Windows\System32\bcrypt.dll
0x00007ff9f9aa0000 - 0x00007ff9f9c3d000 	C:\Windows\System32\USER32.dll
0x00007ff9f73d0000 - 0x00007ff9f73f2000 	C:\Windows\System32\win32u.dll
0x00007ff9ec350000 - 0x00007ff9ec5eb000 	C:\Windows\WinSxS\amd64_microsoft.windows.common-controls_6595b64144ccf1df_6.0.19041.6280_none_60bc30a171f2f3f3\COMCTL32.dll
0x00007ff9f7fe0000 - 0x00007ff9f800b000 	C:\Windows\System32\GDI32.dll
0x00007ff9f7ae0000 - 0x00007ff9f7bf9000 	C:\Windows\System32\gdi32full.dll
0x00007ff9f79f0000 - 0x00007ff9f7a8d000 	C:\Windows\System32\msvcp_win.dll
0x00007ff9f4770000 - 0x00007ff9f477a000 	C:\Windows\SYSTEM32\VERSION.dll
0x00007ff9f7f00000 - 0x00007ff9f7f2f000 	C:\Windows\System32\IMM32.DLL
0x00007ff9f2d90000 - 0x00007ff9f2d9c000 	C:\Program Files\Java\jdk-21\bin\vcruntime140_1.dll
0x00007ff9ec9d0000 - 0x00007ff9eca5e000 	C:\Program Files\Java\jdk-21\bin\msvcp140.dll
0x00007ff95f2d0000 - 0x00007ff95ffe5000 	C:\Program Files\Java\jdk-21\bin\server\jvm.dll
0x00007ff9f9050000 - 0x00007ff9f90bb000 	C:\Windows\System32\WS2_32.dll
0x00007ff9f6910000 - 0x00007ff9f695b000 	C:\Windows\SYSTEM32\POWRPROF.dll
0x00007ff9f0400000 - 0x00007ff9f0427000 	C:\Windows\SYSTEM32\WINMM.dll
0x00007ff9f67d0000 - 0x00007ff9f67e2000 	C:\Windows\SYSTEM32\UMPDC.dll
0x00007ff9f5270000 - 0x00007ff9f5282000 	C:\Windows\SYSTEM32\kernel.appcore.dll
0x00007ff9f11f0000 - 0x00007ff9f11fa000 	C:\Program Files\Java\jdk-21\bin\jimage.dll
0x00007ff9e70f0000 - 0x00007ff9e72f1000 	C:\Windows\SYSTEM32\DBGHELP.DLL
0x00007ff9e6550000 - 0x00007ff9e6584000 	C:\Windows\SYSTEM32\dbgcore.DLL
0x00007ff9f7960000 - 0x00007ff9f79e2000 	C:\Windows\System32\bcryptPrimitives.dll
0x00007ff9f4350000 - 0x00007ff9f435f000 	C:\Program Files\Java\jdk-21\bin\instrument.dll
0x00007ff9f0100000 - 0x00007ff9f011f000 	C:\Program Files\Java\jdk-21\bin\java.dll
0x00007ff9f90d0000 - 0x00007ff9f9840000 	C:\Windows\System32\SHELL32.dll
0x00007ff9f5470000 - 0x00007ff9f5c15000 	C:\Windows\SYSTEM32\windows.storage.dll
0x00007ff9f8cf0000 - 0x00007ff9f9043000 	C:\Windows\System32\combase.dll
0x00007ff9f6e00000 - 0x00007ff9f6e2b000 	C:\Windows\SYSTEM32\Wldp.dll
0x00007ff9f85b0000 - 0x00007ff9f867d000 	C:\Windows\System32\OLEAUT32.dll
0x00007ff9f9c40000 - 0x00007ff9f9ced000 	C:\Windows\System32\SHCORE.dll
0x00007ff9f7ea0000 - 0x00007ff9f7efb000 	C:\Windows\System32\shlwapi.dll
0x00007ff9f7300000 - 0x00007ff9f7324000 	C:\Windows\SYSTEM32\profapi.dll
0x00007ff9d8370000 - 0x00007ff9d8447000 	C:\Program Files\Java\jdk-21\bin\jsvml.dll
0x00007ff9f1170000 - 0x00007ff9f1180000 	C:\Program Files\Java\jdk-21\bin\net.dll
0x00007ff9f01f0000 - 0x00007ff9f02fa000 	C:\Windows\SYSTEM32\WINHTTP.dll
0x00007ff9f6b60000 - 0x00007ff9f6bca000 	C:\Windows\system32\mswsock.dll
0x00007ff9ee7b0000 - 0x00007ff9ee7c6000 	C:\Program Files\Java\jdk-21\bin\nio.dll
0x00007ff9edd30000 - 0x00007ff9edd48000 	C:\Program Files\Java\jdk-21\bin\zip.dll
0x00007ff9f4310000 - 0x00007ff9f432a000 	C:\Program Files\JetBrains\IntelliJ IDEA Community Edition 2023.3.1\bin\breakgen64.dll
0x00000258cef80000 - 0x00000258cef83000 	C:\Users\danik\.openjfx\cache\21+31\amd64\api-ms-win-core-console-l1-1-0.dll
0x00000258cef90000 - 0x00000258cef93000 	C:\Users\danik\.openjfx\cache\21+31\amd64\api-ms-win-core-console-l1-2-0.dll
0x00000258cefa0000 - 0x00000258cefa3000 	C:\Users\danik\.openjfx\cache\21+31\amd64\api-ms-win-core-datetime-l1-1-0.dll
0x00000258cefb0000 - 0x00000258cefb3000 	C:\Users\danik\.openjfx\cache\21+31\amd64\api-ms-win-core-debug-l1-1-0.dll
0x00000258cefc0000 - 0x00000258cefc3000 	C:\Users\danik\.openjfx\cache\21+31\amd64\api-ms-win-core-errorhandling-l1-1-0.dll
0x00000258cefd0000 - 0x00000258cefd4000 	C:\Users\danik\.openjfx\cache\21+31\amd64\api-ms-win-core-file-l1-1-0.dll
0x00000258cefe0000 - 0x00000258cefe3000 	C:\Users\danik\.openjfx\cache\21+31\amd64\api-ms-win-core-file-l1-2-0.dll
0x00000258ceff0000 - 0x00000258ceff3000 	C:\Users\danik\.openjfx\cache\21+31\amd64\api-ms-win-core-file-l2-1-0.dll
0x0000025915cd0000 - 0x0000025915cd3000 	C:\Users\danik\.openjfx\cache\21+31\amd64\api-ms-win-core-handle-l1-1-0.dll
0x0000025915f20000 - 0x0000025915f23000 	C:\Users\danik\.openjfx\cache\21+31\amd64\api-ms-win-core-heap-l1-1-0.dll
0x0000025915f30000 - 0x0000025915f33000 	C:\Users\danik\.openjfx\cache\21+31\amd64\api-ms-win-core-interlocked-l1-1-0.dll
0x0000025915f40000 - 0x0000025915f43000 	C:\Users\danik\.openjfx\cache\21+31\amd64\api-ms-win-core-libraryloader-l1-1-0.dll
0x0000025915f50000 - 0x0000025915f53000 	C:\Users\danik\.openjfx\cache\21+31\amd64\api-ms-win-core-localization-l1-2-0.dll
0x0000025915f60000 - 0x0000025915f63000 	C:\Users\danik\.openjfx\cache\21+31\amd64\api-ms-win-core-memory-l1-1-0.dll
0x0000025915f70000 - 0x0000025915f73000 	C:\Users\danik\.openjfx\cache\21+31\amd64\api-ms-win-core-namedpipe-l1-1-0.dll
0x0000025915f80000 - 0x0000025915f83000 	C:\Users\danik\.openjfx\cache\21+31\amd64\api-ms-win-core-processenvironment-l1-1-0.dll
0x0000025915e00000 - 0x0000025915e03000 	C:\Users\danik\.openjfx\cache\21+31\amd64\api-ms-win-core-processthreads-l1-1-0.dll
0x0000025915e10000 - 0x0000025915e13000 	C:\Users\danik\.openjfx\cache\21+31\amd64\api-ms-win-core-processthreads-l1-1-1.dll
0x0000025915e20000 - 0x0000025915e23000 	C:\Users\danik\.openjfx\cache\21+31\amd64\api-ms-win-core-profile-l1-1-0.dll
0x0000025915e30000 - 0x0000025915e33000 	C:\Users\danik\.openjfx\cache\21+31\amd64\api-ms-win-core-rtlsupport-l1-1-0.dll
0x0000025915e40000 - 0x0000025915e43000 	C:\Users\danik\.openjfx\cache\21+31\amd64\api-ms-win-core-string-l1-1-0.dll
0x0000025915e50000 - 0x0000025915e53000 	C:\Users\danik\.openjfx\cache\21+31\amd64\api-ms-win-core-synch-l1-1-0.dll
0x0000025915ce0000 - 0x0000025915ce3000 	C:\Users\danik\.openjfx\cache\21+31\amd64\api-ms-win-core-synch-l1-2-0.dll
0x0000025915cf0000 - 0x0000025915cf3000 	C:\Users\danik\.openjfx\cache\21+31\amd64\api-ms-win-core-sysinfo-l1-1-0.dll
0x0000025915d00000 - 0x0000025915d03000 	C:\Users\danik\.openjfx\cache\21+31\amd64\api-ms-win-core-timezone-l1-1-0.dll
0x0000025915d10000 - 0x0000025915d13000 	C:\Users\danik\.openjfx\cache\21+31\amd64\api-ms-win-core-util-l1-1-0.dll
0x0000025915d20000 - 0x0000025915d23000 	C:\Users\danik\.openjfx\cache\21+31\amd64\api-ms-win-crt-conio-l1-1-0.dll
0x0000025915d30000 - 0x0000025915d34000 	C:\Users\danik\.openjfx\cache\21+31\amd64\api-ms-win-crt-convert-l1-1-0.dll
0x0000025915d40000 - 0x0000025915d43000 	C:\Users\danik\.openjfx\cache\21+31\amd64\api-ms-win-crt-environment-l1-1-0.dll
0x0000025915d50000 - 0x0000025915d53000 	C:\Users\danik\.openjfx\cache\21+31\amd64\api-ms-win-crt-filesystem-l1-1-0.dll
0x0000025915d60000 - 0x0000025915d63000 	C:\Users\danik\.openjfx\cache\21+31\amd64\api-ms-win-crt-heap-l1-1-0.dll
0x0000025915d70000 - 0x0000025915d73000 	C:\Users\danik\.openjfx\cache\21+31\amd64\api-ms-win-crt-locale-l1-1-0.dll
0x0000025915d80000 - 0x0000025915d85000 	C:\Users\danik\.openjfx\cache\21+31\amd64\api-ms-win-crt-math-l1-1-0.dll
0x0000025915d90000 - 0x0000025915d95000 	C:\Users\danik\.openjfx\cache\21+31\amd64\api-ms-win-crt-multibyte-l1-1-0.dll
0x0000025915da0000 - 0x0000025915db0000 	C:\Users\danik\.openjfx\cache\21+31\amd64\api-ms-win-crt-private-l1-1-0.dll
0x0000025915db0000 - 0x0000025915db3000 	C:\Users\danik\.openjfx\cache\21+31\amd64\api-ms-win-crt-process-l1-1-0.dll
0x0000025915dc0000 - 0x0000025915dc4000 	C:\Users\danik\.openjfx\cache\21+31\amd64\api-ms-win-crt-runtime-l1-1-0.dll
0x0000025915dd0000 - 0x0000025915dd4000 	C:\Users\danik\.openjfx\cache\21+31\amd64\api-ms-win-crt-stdio-l1-1-0.dll
0x0000025915de0000 - 0x0000025915de4000 	C:\Users\danik\.openjfx\cache\21+31\amd64\api-ms-win-crt-string-l1-1-0.dll
0x0000025915df0000 - 0x0000025915df3000 	C:\Users\danik\.openjfx\cache\21+31\amd64\api-ms-win-crt-time-l1-1-0.dll
0x0000025915e60000 - 0x0000025915e63000 	C:\Users\danik\.openjfx\cache\21+31\amd64\api-ms-win-crt-utility-l1-1-0.dll
0x00007ff9ed560000 - 0x00007ff9ed65c000 	C:\Users\danik\.openjfx\cache\21+31\amd64\ucrtbase.dll
0x00007ff9f11d0000 - 0x00007ff9f11eb000 	C:\Users\danik\.openjfx\cache\21+31\amd64\vcruntime140.dll
0x00007ff9eddd0000 - 0x00007ff9edddc000 	C:\Users\danik\.openjfx\cache\21+31\amd64\vcruntime140_1.dll
0x00007ff9edb10000 - 0x00007ff9edb9e000 	C:\Users\danik\.openjfx\cache\21+31\amd64\msvcp140.dll
0x00007ff9f8680000 - 0x00007ff9f87ab000 	C:\Windows\System32\ole32.dll
0x00007ff9eddc0000 - 0x00007ff9eddc9000 	C:\Users\danik\.openjfx\cache\21+31\amd64\msvcp140_1.dll
0x00007ff9edd90000 - 0x00007ff9eddbf000 	C:\Users\danik\.openjfx\cache\21+31\amd64\msvcp140_2.dll
0x00007ff9edd60000 - 0x00007ff9edd8f000 	C:\Users\danik\.openjfx\cache\21+31\amd64\prism_d3d.dll
0x00007ff9a0360000 - 0x00007ff9a0531000 	C:\Windows\system32\d3d9.dll
0x00007ff9f4e70000 - 0x00007ff9f4e9e000 	C:\Windows\SYSTEM32\dwmapi.dll
0x00007ff9f4d30000 - 0x00007ff9f4dce000 	C:\Windows\system32\uxtheme.dll
0x00007ff9efc60000 - 0x00007ff9efd21000 	C:\Windows\System32\DriverStore\FileRepository\nv_dispig.inf_amd64_0afec3f2050014a0\nvldumdx.dll
0x00007ff9f6f90000 - 0x00007ff9f6fa2000 	C:\Windows\SYSTEM32\msasn1.dll
0x00007ff9f3fa0000 - 0x00007ff9f3fd1000 	C:\Windows\SYSTEM32\cryptnet.dll
0x00007ff9f7c00000 - 0x00007ff9f7d5d000 	C:\Windows\System32\CRYPT32.dll
0x00007ff9f6d70000 - 0x00007ff9f6d7c000 	C:\Windows\SYSTEM32\cryptbase.dll
0x00007ff9f2b40000 - 0x00007ff9f2c87000 	C:\Windows\SYSTEM32\drvstore.dll
0x00007ff9f7160000 - 0x00007ff9f7193000 	C:\Windows\SYSTEM32\devobj.dll
0x00007ff9f7a90000 - 0x00007ff9f7ade000 	C:\Windows\System32\cfgmgr32.dll
0x00007ff9f7500000 - 0x00007ff9f7573000 	C:\Windows\System32\wintrust.dll
0x00007ff9f8130000 - 0x00007ff9f814d000 	C:\Windows\System32\imagehlp.dll
0x00007ff9f6d50000 - 0x00007ff9f6d68000 	C:\Windows\SYSTEM32\CRYPTSP.dll
0x00007ff9f6410000 - 0x00007ff9f6448000 	C:\Windows\system32\rsaenh.dll
0x00007ff9c7250000 - 0x00007ff9c923e000 	C:\Windows\System32\DriverStore\FileRepository\nv_dispig.inf_amd64_0afec3f2050014a0\nvgpucomp64.dll
0x00007ff971b10000 - 0x00007ff9735a4000 	C:\Windows\System32\DriverStore\FileRepository\nv_dispig.inf_amd64_0afec3f2050014a0\nvd3dumx.dll
0x00007ff9ed340000 - 0x00007ff9ed382000 	C:\Users\danik\.openjfx\cache\21+31\amd64\glass.dll
0x00007ff9f7d60000 - 0x00007ff9f7e3a000 	C:\Windows\System32\COMDLG32.dll
0x00007ff9f9980000 - 0x00007ff9f9a95000 	C:\Windows\System32\MSCTF.dll
0x00007ff9f5c30000 - 0x00007ff9f5c53000 	C:\Windows\SYSTEM32\gpapi.dll
0x00007ff99b570000 - 0x00007ff99b6c5000 	C:\Windows\System32\DriverStore\FileRepository\nv_dispig.inf_amd64_0afec3f2050014a0\nvppex.dll
0x00007ff9f3ef0000 - 0x00007ff9f3f2b000 	C:\Windows\SYSTEM32\dxcore.dll
0x00007ff9eda90000 - 0x00007ff9edaa4000 	C:\Users\danik\.openjfx\cache\21+31\amd64\javafx_font.dll
0x00007ff9e9700000 - 0x00007ff9e997f000 	C:\Windows\SYSTEM32\dwrite.dll
0x00007ff9f98d0000 - 0x00007ff9f9979000 	C:\Windows\System32\clbcatq.dll
0x00007ff9f4a90000 - 0x00007ff9f4c46000 	C:\Windows\SYSTEM32\WindowsCodecs.dll
0x00007ff9deb40000 - 0x00007ff9deb7e000 	C:\Windows\system32\dataexchange.dll
0x00007ff9ef650000 - 0x00007ff9ef8b4000 	C:\Windows\system32\d3d11.dll
0x00007ff9f35a0000 - 0x00007ff9f3784000 	C:\Windows\system32\dcomp.dll

dbghelp: loaded successfully - version: 4.0.5 - missing functions: none
symbol engine: initialized successfully - sym options: 0x614 - pdb path: .;C:\Program Files\Java\jdk-21\bin;C:\Windows\SYSTEM32;C:\Windows\WinSxS\amd64_microsoft.windows.common-controls_6595b64144ccf1df_6.0.19041.6280_none_60bc30a171f2f3f3;C:\Program Files\Java\jdk-21\bin\server;C:\Program Files\JetBrains\IntelliJ IDEA Community Edition 2023.3.1\bin;C:\Users\danik\.openjfx\cache\21+31\amd64;C:\Windows\System32\DriverStore\FileRepository\nv_dispig.inf_amd64_0afec3f2050014a0;C:\Program Files\Common Files\Microsoft Shared\Ink

VM Arguments:
jvm_args: -javaagent:C:\Program Files\JetBrains\IntelliJ IDEA Community Edition 2023.3.1\lib\idea_rt.jar=57743:C:\Program Files\JetBrains\IntelliJ IDEA Community Edition 2023.3.1\bin -Dfile.encoding=UTF-8 -Dsun.stdout.encoding=UTF-8 -Dsun.stderr.encoding=UTF-8 --module-path=C:\Users\danik\.m2\repository\org\openjfx\javafx-graphics\21\javafx-graphics-21-win.jar;C:\Users\danik\.m2\repository\org\openjfx\javafx-controls\21\javafx-controls-21-win.jar;C:\Users\danik\.m2\repository\org\openjfx\javafx-fxml\21\javafx-fxml-21-win.jar;C:\Users\danik\.m2\repository\org\openjfx\javafx-base\21\javafx-base-21-win.jar;D:\Java\GymManager\target\classes -Djdk.module.main=com.example.gymmanager 
java_command: com.example.gymmanager/com.example.gymmanager.HelloApplication
java_class_path (initial): C:\Users\danik\.m2\repository\org\openjfx\javafx-controls\21\javafx-controls-21.jar;C:\Users\danik\.m2\repository\org\openjfx\javafx-graphics\21\javafx-graphics-21.jar;C:\Users\danik\.m2\repository\org\openjfx\javafx-base\21\javafx-base-21.jar;C:\Users\danik\.m2\repository\org\openjfx\javafx-fxml\21\javafx-fxml-21.jar
Launcher Type: SUN_STANDARD

[Global flags]
     intx CICompilerCount                          = 4                                         {product} {ergonomic}
     uint ConcGCThreads                            = 3                                         {product} {ergonomic}
     uint G1ConcRefinementThreads                  = 10                                        {product} {ergonomic}
   size_t G1HeapRegionSize                         = 2097152                                   {product} {ergonomic}
    uintx GCDrainStackTargetSize                   = 64                                        {product} {ergonomic}
   size_t InitialHeapSize                          = 266338304                                 {product} {ergonomic}
   size_t MarkStackSize                            = 4194304                                   {product} {ergonomic}
   size_t MaxHeapSize                              = 4242538496                                {product} {ergonomic}
   size_t MaxNewSize                               = 2543845376                                {product} {ergonomic}
   size_t MinHeapDeltaBytes                        = 2097152                                   {product} {ergonomic}
   size_t MinHeapSize                              = 8388608                                   {product} {ergonomic}
    uintx NonNMethodCodeHeapSize                   = 5839372                                {pd product} {ergonomic}
    uintx NonProfiledCodeHeapSize                  = 122909434                              {pd product} {ergonomic}
    uintx ProfiledCodeHeapSize                     = 122909434                              {pd product} {ergonomic}
    uintx ReservedCodeCacheSize                    = 251658240                              {pd product} {ergonomic}
     bool SegmentedCodeCache                       = true                                      {product} {ergonomic}
   size_t SoftMaxHeapSize                          = 4242538496                             {manageable} {ergonomic}
     bool UseCompressedOops                        = true                           {product lp64_product} {ergonomic}
     bool UseG1GC                                  = true                                      {product} {ergonomic}
     bool UseLargePagesIndividualAllocation        = false                                  {pd product} {ergonomic}

Logging:
Log output configuration:
 #0: stdout all=off uptime,level,tags foldmultilines=false
 #1: stderr all=off uptime,level,tags foldmultilines=false

Environment Variables:
PATH=C:\Program Files (x86)\NVIDIA Corporation\PhysX\Common;C:\Program Files\Common Files\Oracle\Java\javapath;C:\Program Files (x86)\Common Files\Oracle\Java\javapath;C:\Windows\system32;C:\Windows;C:\Windows\System32\Wbem;C:\Windows\System32\WindowsPowerShell\v1.0\;C:\Windows\System32\OpenSSH\;C:\Program Files\MySQL\MySQL Server 8.0\bin;C:\Users\danik\AppData\Local\Programs\Python\Python38\Scripts\;C:\Users\danik\AppData\Local\Programs\Python\Python38\;C:\Users\danik\AppData\Local\Programs\Python\Python312\Scripts\;C:\Users\danik\AppData\Local\Programs\Python\Python312\;C:\Users\danik\AppData\Local\Programs\Python\Launcher\;C:\Program Files\MySQL\MySQL Shell 8.0\bin\;C:\Users\danik\AppData\Local\Microsoft\WindowsApps;;C:\Users\danik\AppData\Local\Programs\Microsoft VS Code\bin;C:\Program Files\JetBrains\PyCharm Community Edition 2024.1.4\bin;
USERNAME=danik
OS=Windows_NT
PROCESSOR_IDENTIFIER=AMD64 Family 25 Model 80 Stepping 0, AuthenticAMD
TMP=C:\Users\danik\AppData\Local\Temp
TEMP=C:\Users\danik\AppData\Local\Temp




Periodic native trim disabled

---------------  S Y S T E M  ---------------

OS:
 Windows 10 , 64 bit Build 19041 (10.0.19041.5915)
OS uptime: 11 days 21:26 hours

CPU: total 12 (initial active 12) (12 cores per cpu, 2 threads per core) family 25 model 80 stepping 0 microcode 0x0, cx8, cmov, fxsr, ht, mmx, 3dnowpref, sse, sse2, sse3, ssse3, sse4a, sse4.1, sse4.2, popcnt, lzcnt, tsc, tscinvbit, avx, avx2, aes, erms, clmul, bmi1, bmi2, adx, sha, fma, vzeroupper, clflush, clflushopt, rdtscp, rdpid, fsrm, f16c, pku, cet_ss
Processor Information for all 12 processors :
  Max Mhz: 3600, Current Mhz: 3600, Mhz Limit: 3600

Memory: 4k page, system-wide physical 16176M (6455M free)
TotalPageFile size 22087M (AvailPageFile size 7340M)
current process WorkingSet (physical memory assigned to process): 131M, peak: 161M
current process commit charge ("private bytes"): 430M, peak: 440M

vm_info: Java HotSpot(TM) 64-Bit Server VM (21.0.1+12-LTS-29) for windows-amd64 JRE (21.0.1+12-LTS-29), built on 2023-10-05T13:27:09Z by "mach5one" with MS VC++ 17.1 (VS2022)

END.
